Building DAG of jobs...
Using shell: /usr/bin/bash
Provided cores: 8
Rules claiming more threads will be scaled down.
Job stats:
job                                   count    min threads    max threads
----------------------------------  -------  -------------  -------------
add_spacers                               1              1              1
all                                       1              1              1
blast_probes                              1              1              1
collect_probe_coverage_results            1              1              1
collect_selected_probe_information        1              1              1
combine_full_length_sequences             1              1              1
design_probes                             1              1              1
evaluate_taxon_probes                     1              1              1
generate_full_probes                      1              1              1
select_taxon_probes                       1              1              1
total                                    10              1              1

Select jobs to execute...

[Sun Mar 13 10:21:33 2022]
rule design_probes:
    input: /home/miri/Desktop/HIPRFISH/data/mock_community/input/mock_community.fasta, /home/miri/Desktop/HIPRFISH/data/mock_community
    output: /home/miri/Desktop/HIPRFISH/data/mock_community/genus/s_0.1/primer3/{*}_consensus.int (dynamic)
    jobid: 8
    wildcards: sample=mock_community, target_rank=genus, similarity=0.1
    resources: tmpdir=/tmp

Subsequent jobs will be added dynamically depending on the output of this job
[Sun Mar 13 10:21:38 2022]
Finished job 8.
1 of 10 steps (10%) done
Dynamically updating jobs
Select jobs to execute...

[Sun Mar 13 10:21:39 2022]
rule blast_probes:
    input: /home/miri/Desktop/HIPRFISH/data/mock_community/genus/s_0.1/primer3/32207_consensus.int
    output: /home/miri/Desktop/HIPRFISH/data/mock_community/genus/s_0.1/primer3/32207.probe.blast.complete.txt
    jobid: 15
    wildcards: sample=mock_community, target_rank=genus, similarity=0.1, taxon=32207
    resources: tmpdir=/tmp

[Sun Mar 13 10:24:20 2022]
Finished job 15.
2 of 10 steps (20%) done
Select jobs to execute...

[Sun Mar 13 10:24:20 2022]
rule evaluate_taxon_probes:
    input: /home/miri/Desktop/HIPRFISH/data/mock_community/genus/s_0.1/primer3/32207_consensus.int, /home/miri/Desktop/HIPRFISH/data/mock_community/genus/s_0.1/primer3/32207.probe.blast.complete.txt
    output: /home/miri/Desktop/HIPRFISH/data/mock_community/genus/s_0.1/blast/32207.probe.evaluation.complete.txt
    jobid: 14
    wildcards: sample=mock_community, target_rank=genus, similarity=0.1, taxon=32207
    resources: tmpdir=/tmp

[Sun Mar 13 10:26:45 2022]
Finished job 14.
3 of 10 steps (30%) done
Select jobs to execute...

[Sun Mar 13 10:26:45 2022]
rule select_taxon_probes:
    input: /home/miri/Desktop/HIPRFISH/data/mock_community/genus/s_0.1/blast/32207.probe.evaluation.complete.txt
    output: /home/miri/Desktop/HIPRFISH/data/simulation/SP1/32207_probe_selection.csv
    jobid: 13
    wildcards: design_id=SP1, taxon=32207
    resources: tmpdir=/tmp

[Sun Mar 13 10:29:03 2022]
Error in rule select_taxon_probes:
    jobid: 13
    output: /home/miri/Desktop/HIPRFISH/data/simulation/SP1/32207_probe_selection.csv
    shell:
        python3 /home/miri/Desktop/HIPRFISH/hiprfish_code/probe-design/hiprfish-probe-design-consensus/hiprfish_select_probes.py /home/miri/Desktop/HIPRFISH/data/mock_community/genus/s_0.1/blast/32207.probe.evaluation.complete.txt SP1 /home/miri/Desktop/HIPRFISH/data/simulation/SP1/32207_probe_selection.csv -c TopN -t genus -o F -s 0.1 -tmin 55 -tmax 65 -m 14 -tpn 1 -freqll 0 -gc 40 -bot 0.99 -bt 27 -sod 390 -dnaconc 5 -mt 60
        (one of the commands exited with non-zero exit code; note that snakemake uses bash strict mode!)

Shutting down, this might take some time.
Exiting because a job execution failed. Look above for error message
Complete log: /home/miri/Desktop/HIPRFISH/hiprfish_code/probe-design/hiprfish-probe-design-consensus/.snakemake/log/2022-03-13T102132.385040.snakemake.log
