Building DAG of jobs...
Using shell: /usr/bin/bash
Provided cores: 8
Rules claiming more threads will be scaled down.
Job stats:
job                                   count    min threads    max threads
----------------------------------  -------  -------------  -------------
add_spacers                               1              1              1
all                                       1              1              1
blast_probes                              1              1              1
collect_probe_coverage_results            1              1              1
collect_selected_probe_information        1              1              1
combine_full_length_sequences             1              1              1
design_probes                             1              1              1
evaluate_taxon_probes                     1              1              1
generate_full_probes                      1              1              1
select_taxon_probes                       1              1              1
total                                    10              1              1

Select jobs to execute...

[Thu Mar 31 23:29:54 2022]
rule design_probes:
    input: /home/yeshua/Desktop/hiprfish/data/mock_community/input/mock_community.fasta, /home/yeshua/Desktop/hiprfish/data/mock_community
    output: /home/yeshua/Desktop/hiprfish/data/mock_community/species/s_0.1/primer3/{*}_consensus.int (dynamic)
    jobid: 8
    wildcards: sample=mock_community, target_rank=species, similarity=0.1
    resources: tmpdir=/tmp

Subsequent jobs will be added dynamically depending on the output of this job
[Thu Mar 31 23:36:35 2022]
Finished job 8.
1 of 10 steps (10%) done
Dynamically updating jobs
Select jobs to execute...

[Thu Mar 31 23:36:36 2022]
rule blast_probes:
    input: /home/yeshua/Desktop/hiprfish/data/mock_community/species/s_0.1/primer3/1310_consensus.int
    output: /home/yeshua/Desktop/hiprfish/data/mock_community/species/s_0.1/primer3/1310.probe.blast.complete.txt
    jobid: 83
    wildcards: sample=mock_community, target_rank=species, similarity=0.1, taxon=1310
    resources: tmpdir=/tmp


[Thu Mar 31 23:36:36 2022]
rule blast_probes:
    input: /home/yeshua/Desktop/hiprfish/data/mock_community/species/s_0.1/primer3/1317_consensus.int
    output: /home/yeshua/Desktop/hiprfish/data/mock_community/species/s_0.1/primer3/1317.probe.blast.complete.txt
    jobid: 27
    wildcards: sample=mock_community, target_rank=species, similarity=0.1, taxon=1317
    resources: tmpdir=/tmp


[Thu Mar 31 23:36:36 2022]
rule blast_probes:
    input: /home/yeshua/Desktop/hiprfish/data/mock_community/species/s_0.1/primer3/68892_consensus.int
    output: /home/yeshua/Desktop/hiprfish/data/mock_community/species/s_0.1/primer3/68892.probe.blast.complete.txt
    jobid: 51
    wildcards: sample=mock_community, target_rank=species, similarity=0.1, taxon=68892
    resources: tmpdir=/tmp


[Thu Mar 31 23:36:36 2022]
rule blast_probes:
    input: /home/yeshua/Desktop/hiprfish/data/mock_community/species/s_0.1/primer3/1318_consensus.int
    output: /home/yeshua/Desktop/hiprfish/data/mock_community/species/s_0.1/primer3/1318.probe.blast.complete.txt
    jobid: 107
    wildcards: sample=mock_community, target_rank=species, similarity=0.1, taxon=1318
    resources: tmpdir=/tmp


[Thu Mar 31 23:36:36 2022]
rule blast_probes:
    input: /home/yeshua/Desktop/hiprfish/data/mock_community/species/s_0.1/primer3/1234680_consensus.int
    output: /home/yeshua/Desktop/hiprfish/data/mock_community/species/s_0.1/primer3/1234680.probe.blast.complete.txt
    jobid: 75
    wildcards: sample=mock_community, target_rank=species, similarity=0.1, taxon=1234680
    resources: tmpdir=/tmp


[Thu Mar 31 23:36:36 2022]
rule blast_probes:
    input: /home/yeshua/Desktop/hiprfish/data/mock_community/species/s_0.1/primer3/2382163_consensus.int
    output: /home/yeshua/Desktop/hiprfish/data/mock_community/species/s_0.1/primer3/2382163.probe.blast.complete.txt
    jobid: 67
    wildcards: sample=mock_community, target_rank=species, similarity=0.1, taxon=2382163
    resources: tmpdir=/tmp


[Thu Mar 31 23:36:36 2022]
rule blast_probes:
    input: /home/yeshua/Desktop/hiprfish/data/mock_community/species/s_0.1/primer3/113107_consensus.int
    output: /home/yeshua/Desktop/hiprfish/data/mock_community/species/s_0.1/primer3/113107.probe.blast.complete.txt
    jobid: 111
    wildcards: sample=mock_community, target_rank=species, similarity=0.1, taxon=113107
    resources: tmpdir=/tmp


[Thu Mar 31 23:36:36 2022]
rule blast_probes:
    input: /home/yeshua/Desktop/hiprfish/data/mock_community/species/s_0.1/primer3/1313_consensus.int
    output: /home/yeshua/Desktop/hiprfish/data/mock_community/species/s_0.1/primer3/1313.probe.blast.complete.txt
    jobid: 79
    wildcards: sample=mock_community, target_rank=species, similarity=0.1, taxon=1313
    resources: tmpdir=/tmp

[Thu Mar 31 23:42:51 2022]
Finished job 83.
2 of 106 steps (2%) done
Select jobs to execute...

[Thu Mar 31 23:42:51 2022]
rule evaluate_taxon_probes:
    input: /home/yeshua/Desktop/hiprfish/data/mock_community/species/s_0.1/primer3/1310_consensus.int, /home/yeshua/Desktop/hiprfish/data/mock_community/species/s_0.1/primer3/1310.probe.blast.complete.txt
    output: /home/yeshua/Desktop/hiprfish/data/mock_community/species/s_0.1/blast/1310.probe.evaluation.complete.txt
    jobid: 82
    wildcards: sample=mock_community, target_rank=species, similarity=0.1, taxon=1310
    resources: tmpdir=/tmp

[Thu Mar 31 23:42:53 2022]
Finished job 107.
3 of 106 steps (3%) done
Select jobs to execute...

[Thu Mar 31 23:42:53 2022]
rule evaluate_taxon_probes:
    input: /home/yeshua/Desktop/hiprfish/data/mock_community/species/s_0.1/primer3/1318_consensus.int, /home/yeshua/Desktop/hiprfish/data/mock_community/species/s_0.1/primer3/1318.probe.blast.complete.txt
    output: /home/yeshua/Desktop/hiprfish/data/mock_community/species/s_0.1/blast/1318.probe.evaluation.complete.txt
    jobid: 106
    wildcards: sample=mock_community, target_rank=species, similarity=0.1, taxon=1318
    resources: tmpdir=/tmp

[Thu Mar 31 23:42:53 2022]
Finished job 67.
4 of 106 steps (4%) done
Select jobs to execute...

[Thu Mar 31 23:42:53 2022]
rule evaluate_taxon_probes:
    input: /home/yeshua/Desktop/hiprfish/data/mock_community/species/s_0.1/primer3/2382163_consensus.int, /home/yeshua/Desktop/hiprfish/data/mock_community/species/s_0.1/primer3/2382163.probe.blast.complete.txt
    output: /home/yeshua/Desktop/hiprfish/data/mock_community/species/s_0.1/blast/2382163.probe.evaluation.complete.txt
    jobid: 66
    wildcards: sample=mock_community, target_rank=species, similarity=0.1, taxon=2382163
    resources: tmpdir=/tmp

[Thu Mar 31 23:42:58 2022]
Finished job 79.
5 of 106 steps (5%) done
Select jobs to execute...

[Thu Mar 31 23:42:58 2022]
rule evaluate_taxon_probes:
    input: /home/yeshua/Desktop/hiprfish/data/mock_community/species/s_0.1/primer3/1313_consensus.int, /home/yeshua/Desktop/hiprfish/data/mock_community/species/s_0.1/primer3/1313.probe.blast.complete.txt
    output: /home/yeshua/Desktop/hiprfish/data/mock_community/species/s_0.1/blast/1313.probe.evaluation.complete.txt
    jobid: 78
    wildcards: sample=mock_community, target_rank=species, similarity=0.1, taxon=1313
    resources: tmpdir=/tmp

[Thu Mar 31 23:42:59 2022]
Finished job 111.
6 of 106 steps (6%) done
Select jobs to execute...

[Thu Mar 31 23:42:59 2022]
rule evaluate_taxon_probes:
    input: /home/yeshua/Desktop/hiprfish/data/mock_community/species/s_0.1/primer3/113107_consensus.int, /home/yeshua/Desktop/hiprfish/data/mock_community/species/s_0.1/primer3/113107.probe.blast.complete.txt
    output: /home/yeshua/Desktop/hiprfish/data/mock_community/species/s_0.1/blast/113107.probe.evaluation.complete.txt
    jobid: 110
    wildcards: sample=mock_community, target_rank=species, similarity=0.1, taxon=113107
    resources: tmpdir=/tmp

[Thu Mar 31 23:43:02 2022]
Finished job 27.
7 of 106 steps (7%) done
Select jobs to execute...

[Thu Mar 31 23:43:02 2022]
rule evaluate_taxon_probes:
    input: /home/yeshua/Desktop/hiprfish/data/mock_community/species/s_0.1/primer3/1317_consensus.int, /home/yeshua/Desktop/hiprfish/data/mock_community/species/s_0.1/primer3/1317.probe.blast.complete.txt
    output: /home/yeshua/Desktop/hiprfish/data/mock_community/species/s_0.1/blast/1317.probe.evaluation.complete.txt
    jobid: 26
    wildcards: sample=mock_community, target_rank=species, similarity=0.1, taxon=1317
    resources: tmpdir=/tmp

[Thu Mar 31 23:43:04 2022]
Finished job 51.
8 of 106 steps (8%) done
Select jobs to execute...

[Thu Mar 31 23:43:04 2022]
rule evaluate_taxon_probes:
    input: /home/yeshua/Desktop/hiprfish/data/mock_community/species/s_0.1/primer3/68892_consensus.int, /home/yeshua/Desktop/hiprfish/data/mock_community/species/s_0.1/primer3/68892.probe.blast.complete.txt
    output: /home/yeshua/Desktop/hiprfish/data/mock_community/species/s_0.1/blast/68892.probe.evaluation.complete.txt
    jobid: 50
    wildcards: sample=mock_community, target_rank=species, similarity=0.1, taxon=68892
    resources: tmpdir=/tmp

[Thu Mar 31 23:43:11 2022]
Finished job 75.
9 of 106 steps (8%) done
Select jobs to execute...

[Thu Mar 31 23:43:11 2022]
rule evaluate_taxon_probes:
    input: /home/yeshua/Desktop/hiprfish/data/mock_community/species/s_0.1/primer3/1234680_consensus.int, /home/yeshua/Desktop/hiprfish/data/mock_community/species/s_0.1/primer3/1234680.probe.blast.complete.txt
    output: /home/yeshua/Desktop/hiprfish/data/mock_community/species/s_0.1/blast/1234680.probe.evaluation.complete.txt
    jobid: 74
    wildcards: sample=mock_community, target_rank=species, similarity=0.1, taxon=1234680
    resources: tmpdir=/tmp

[Thu Mar 31 23:50:01 2022]
Finished job 106.
10 of 106 steps (9%) done
Select jobs to execute...

[Thu Mar 31 23:50:01 2022]
rule blast_probes:
    input: /home/yeshua/Desktop/hiprfish/data/mock_community/species/s_0.1/primer3/45634_consensus.int
    output: /home/yeshua/Desktop/hiprfish/data/mock_community/species/s_0.1/primer3/45634.probe.blast.complete.txt
    jobid: 47
    wildcards: sample=mock_community, target_rank=species, similarity=0.1, taxon=45634
    resources: tmpdir=/tmp

[Thu Mar 31 23:50:06 2022]
Finished job 110.
11 of 106 steps (10%) done
Select jobs to execute...

[Thu Mar 31 23:50:06 2022]
rule blast_probes:
    input: /home/yeshua/Desktop/hiprfish/data/mock_community/species/s_0.1/primer3/1311_consensus.int
    output: /home/yeshua/Desktop/hiprfish/data/mock_community/species/s_0.1/primer3/1311.probe.blast.complete.txt
    jobid: 15
    wildcards: sample=mock_community, target_rank=species, similarity=0.1, taxon=1311
    resources: tmpdir=/tmp

[Thu Mar 31 23:50:08 2022]
Finished job 82.
12 of 106 steps (11%) done
Select jobs to execute...

[Thu Mar 31 23:50:08 2022]
rule blast_probes:
    input: /home/yeshua/Desktop/hiprfish/data/mock_community/species/s_0.1/primer3/68891_consensus.int
    output: /home/yeshua/Desktop/hiprfish/data/mock_community/species/s_0.1/primer3/68891.probe.blast.complete.txt
    jobid: 99
    wildcards: sample=mock_community, target_rank=species, similarity=0.1, taxon=68891
    resources: tmpdir=/tmp

[Thu Mar 31 23:50:12 2022]
Finished job 66.
13 of 106 steps (12%) done
Select jobs to execute...

[Thu Mar 31 23:50:12 2022]
rule blast_probes:
    input: /home/yeshua/Desktop/hiprfish/data/mock_community/species/s_0.1/primer3/1304_consensus.int
    output: /home/yeshua/Desktop/hiprfish/data/mock_community/species/s_0.1/primer3/1304.probe.blast.complete.txt
    jobid: 87
    wildcards: sample=mock_community, target_rank=species, similarity=0.1, taxon=1304
    resources: tmpdir=/tmp

[Thu Mar 31 23:50:13 2022]
Finished job 26.
14 of 106 steps (13%) done
Select jobs to execute...

[Thu Mar 31 23:50:13 2022]
rule blast_probes:
    input: /home/yeshua/Desktop/hiprfish/data/mock_community/species/s_0.1/primer3/1343_consensus.int
    output: /home/yeshua/Desktop/hiprfish/data/mock_community/species/s_0.1/primer3/1343.probe.blast.complete.txt
    jobid: 35
    wildcards: sample=mock_community, target_rank=species, similarity=0.1, taxon=1343
    resources: tmpdir=/tmp

[Thu Mar 31 23:50:19 2022]
Finished job 50.
15 of 106 steps (14%) done
Select jobs to execute...

[Thu Mar 31 23:50:19 2022]
rule blast_probes:
    input: /home/yeshua/Desktop/hiprfish/data/mock_community/species/s_0.1/primer3/76860_consensus.int
    output: /home/yeshua/Desktop/hiprfish/data/mock_community/species/s_0.1/primer3/76860.probe.blast.complete.txt
    jobid: 23
    wildcards: sample=mock_community, target_rank=species, similarity=0.1, taxon=76860
    resources: tmpdir=/tmp

[Thu Mar 31 23:50:20 2022]
Finished job 74.
16 of 106 steps (15%) done
Select jobs to execute...

[Thu Mar 31 23:50:20 2022]
rule blast_probes:
    input: /home/yeshua/Desktop/hiprfish/data/mock_community/species/s_0.1/primer3/1308_consensus.int
    output: /home/yeshua/Desktop/hiprfish/data/mock_community/species/s_0.1/primer3/1308.probe.blast.complete.txt
    jobid: 63
    wildcards: sample=mock_community, target_rank=species, similarity=0.1, taxon=1308
    resources: tmpdir=/tmp

[Thu Mar 31 23:50:20 2022]
Finished job 78.
17 of 106 steps (16%) done
Select jobs to execute...

[Thu Mar 31 23:50:20 2022]
rule blast_probes:
    input: /home/yeshua/Desktop/hiprfish/data/mock_community/species/s_0.1/primer3/1338_consensus.int
    output: /home/yeshua/Desktop/hiprfish/data/mock_community/species/s_0.1/primer3/1338.probe.blast.complete.txt
    jobid: 55
    wildcards: sample=mock_community, target_rank=species, similarity=0.1, taxon=1338
    resources: tmpdir=/tmp

[Thu Mar 31 23:56:29 2022]
Finished job 15.
18 of 106 steps (17%) done
Select jobs to execute...

[Thu Mar 31 23:56:29 2022]
rule evaluate_taxon_probes:
    input: /home/yeshua/Desktop/hiprfish/data/mock_community/species/s_0.1/primer3/1311_consensus.int, /home/yeshua/Desktop/hiprfish/data/mock_community/species/s_0.1/primer3/1311.probe.blast.complete.txt
    output: /home/yeshua/Desktop/hiprfish/data/mock_community/species/s_0.1/blast/1311.probe.evaluation.complete.txt
    jobid: 14
    wildcards: sample=mock_community, target_rank=species, similarity=0.1, taxon=1311
    resources: tmpdir=/tmp

[Thu Mar 31 23:56:34 2022]
Finished job 35.
19 of 106 steps (18%) done
Select jobs to execute...

[Thu Mar 31 23:56:34 2022]
rule evaluate_taxon_probes:
    input: /home/yeshua/Desktop/hiprfish/data/mock_community/species/s_0.1/primer3/1343_consensus.int, /home/yeshua/Desktop/hiprfish/data/mock_community/species/s_0.1/primer3/1343.probe.blast.complete.txt
    output: /home/yeshua/Desktop/hiprfish/data/mock_community/species/s_0.1/blast/1343.probe.evaluation.complete.txt
    jobid: 34
    wildcards: sample=mock_community, target_rank=species, similarity=0.1, taxon=1343
    resources: tmpdir=/tmp

[Thu Mar 31 23:56:36 2022]
Finished job 47.
20 of 106 steps (19%) done
Select jobs to execute...

[Thu Mar 31 23:56:36 2022]
rule evaluate_taxon_probes:
    input: /home/yeshua/Desktop/hiprfish/data/mock_community/species/s_0.1/primer3/45634_consensus.int, /home/yeshua/Desktop/hiprfish/data/mock_community/species/s_0.1/primer3/45634.probe.blast.complete.txt
    output: /home/yeshua/Desktop/hiprfish/data/mock_community/species/s_0.1/blast/45634.probe.evaluation.complete.txt
    jobid: 46
    wildcards: sample=mock_community, target_rank=species, similarity=0.1, taxon=45634
    resources: tmpdir=/tmp

[Thu Mar 31 23:56:46 2022]
Finished job 55.
21 of 106 steps (20%) done
Select jobs to execute...

[Thu Mar 31 23:56:46 2022]
rule evaluate_taxon_probes:
    input: /home/yeshua/Desktop/hiprfish/data/mock_community/species/s_0.1/primer3/1338_consensus.int, /home/yeshua/Desktop/hiprfish/data/mock_community/species/s_0.1/primer3/1338.probe.blast.complete.txt
    output: /home/yeshua/Desktop/hiprfish/data/mock_community/species/s_0.1/blast/1338.probe.evaluation.complete.txt
    jobid: 54
    wildcards: sample=mock_community, target_rank=species, similarity=0.1, taxon=1338
    resources: tmpdir=/tmp

[Thu Mar 31 23:56:51 2022]
Finished job 87.
22 of 106 steps (21%) done
Select jobs to execute...

[Thu Mar 31 23:56:51 2022]
rule evaluate_taxon_probes:
    input: /home/yeshua/Desktop/hiprfish/data/mock_community/species/s_0.1/primer3/1304_consensus.int, /home/yeshua/Desktop/hiprfish/data/mock_community/species/s_0.1/primer3/1304.probe.blast.complete.txt
    output: /home/yeshua/Desktop/hiprfish/data/mock_community/species/s_0.1/blast/1304.probe.evaluation.complete.txt
    jobid: 86
    wildcards: sample=mock_community, target_rank=species, similarity=0.1, taxon=1304
    resources: tmpdir=/tmp

[Thu Mar 31 23:56:52 2022]
Finished job 99.
23 of 106 steps (22%) done
Select jobs to execute...

[Thu Mar 31 23:56:52 2022]
rule evaluate_taxon_probes:
    input: /home/yeshua/Desktop/hiprfish/data/mock_community/species/s_0.1/primer3/68891_consensus.int, /home/yeshua/Desktop/hiprfish/data/mock_community/species/s_0.1/primer3/68891.probe.blast.complete.txt
    output: /home/yeshua/Desktop/hiprfish/data/mock_community/species/s_0.1/blast/68891.probe.evaluation.complete.txt
    jobid: 98
    wildcards: sample=mock_community, target_rank=species, similarity=0.1, taxon=68891
    resources: tmpdir=/tmp

[Thu Mar 31 23:56:56 2022]
Finished job 23.
24 of 106 steps (23%) done
Select jobs to execute...

[Thu Mar 31 23:56:56 2022]
rule evaluate_taxon_probes:
    input: /home/yeshua/Desktop/hiprfish/data/mock_community/species/s_0.1/primer3/76860_consensus.int, /home/yeshua/Desktop/hiprfish/data/mock_community/species/s_0.1/primer3/76860.probe.blast.complete.txt
    output: /home/yeshua/Desktop/hiprfish/data/mock_community/species/s_0.1/blast/76860.probe.evaluation.complete.txt
    jobid: 22
    wildcards: sample=mock_community, target_rank=species, similarity=0.1, taxon=76860
    resources: tmpdir=/tmp

[Thu Mar 31 23:56:57 2022]
Finished job 63.
25 of 106 steps (24%) done
Select jobs to execute...

[Thu Mar 31 23:56:57 2022]
rule evaluate_taxon_probes:
    input: /home/yeshua/Desktop/hiprfish/data/mock_community/species/s_0.1/primer3/1308_consensus.int, /home/yeshua/Desktop/hiprfish/data/mock_community/species/s_0.1/primer3/1308.probe.blast.complete.txt
    output: /home/yeshua/Desktop/hiprfish/data/mock_community/species/s_0.1/blast/1308.probe.evaluation.complete.txt
    jobid: 62
    wildcards: sample=mock_community, target_rank=species, similarity=0.1, taxon=1308
    resources: tmpdir=/tmp

[Fri Apr  1 00:03:40 2022]
Finished job 14.
26 of 106 steps (25%) done
Select jobs to execute...

[Fri Apr  1 00:03:40 2022]
rule blast_probes:
    input: /home/yeshua/Desktop/hiprfish/data/mock_community/species/s_0.1/primer3/1309_consensus.int
    output: /home/yeshua/Desktop/hiprfish/data/mock_community/species/s_0.1/primer3/1309.probe.blast.complete.txt
    jobid: 59
    wildcards: sample=mock_community, target_rank=species, similarity=0.1, taxon=1309
    resources: tmpdir=/tmp

[Fri Apr  1 00:03:44 2022]
Finished job 34.
27 of 106 steps (25%) done
Select jobs to execute...

[Fri Apr  1 00:03:44 2022]
rule blast_probes:
    input: /home/yeshua/Desktop/hiprfish/data/mock_community/species/s_0.1/primer3/1328_consensus.int
    output: /home/yeshua/Desktop/hiprfish/data/mock_community/species/s_0.1/primer3/1328.probe.blast.complete.txt
    jobid: 71
    wildcards: sample=mock_community, target_rank=species, similarity=0.1, taxon=1328
    resources: tmpdir=/tmp

[Fri Apr  1 00:03:47 2022]
Finished job 46.
28 of 106 steps (26%) done
Select jobs to execute...

[Fri Apr  1 00:03:47 2022]
rule blast_probes:
    input: /home/yeshua/Desktop/hiprfish/data/mock_community/species/s_0.1/primer3/176090_consensus.int
    output: /home/yeshua/Desktop/hiprfish/data/mock_community/species/s_0.1/primer3/176090.probe.blast.complete.txt
    jobid: 103
    wildcards: sample=mock_community, target_rank=species, similarity=0.1, taxon=176090
    resources: tmpdir=/tmp

[Fri Apr  1 00:03:57 2022]
Finished job 54.
29 of 106 steps (27%) done
Select jobs to execute...

[Fri Apr  1 00:03:57 2022]
rule blast_probes:
    input: /home/yeshua/Desktop/hiprfish/data/mock_community/species/s_0.1/primer3/1302_consensus.int
    output: /home/yeshua/Desktop/hiprfish/data/mock_community/species/s_0.1/primer3/1302.probe.blast.complete.txt
    jobid: 19
    wildcards: sample=mock_community, target_rank=species, similarity=0.1, taxon=1302
    resources: tmpdir=/tmp

[Fri Apr  1 00:04:02 2022]
Finished job 22.
30 of 106 steps (28%) done
Select jobs to execute...

[Fri Apr  1 00:04:02 2022]
rule blast_probes:
    input: /home/yeshua/Desktop/hiprfish/data/mock_community/species/s_0.1/primer3/684066_consensus.int
    output: /home/yeshua/Desktop/hiprfish/data/mock_community/species/s_0.1/primer3/684066.probe.blast.complete.txt
    jobid: 39
    wildcards: sample=mock_community, target_rank=species, similarity=0.1, taxon=684066
    resources: tmpdir=/tmp

[Fri Apr  1 00:04:03 2022]
Finished job 86.
31 of 106 steps (29%) done
Select jobs to execute...

[Fri Apr  1 00:04:03 2022]
rule blast_probes:
    input: /home/yeshua/Desktop/hiprfish/data/mock_community/species/s_0.1/primer3/1305_consensus.int
    output: /home/yeshua/Desktop/hiprfish/data/mock_community/species/s_0.1/primer3/1305.probe.blast.complete.txt
    jobid: 91
    wildcards: sample=mock_community, target_rank=species, similarity=0.1, taxon=1305
    resources: tmpdir=/tmp

[Fri Apr  1 00:04:04 2022]
Finished job 98.
32 of 106 steps (30%) done
Select jobs to execute...

[Fri Apr  1 00:04:04 2022]
rule blast_probes:
    input: /home/yeshua/Desktop/hiprfish/data/mock_community/species/s_0.1/primer3/28037_consensus.int
    output: /home/yeshua/Desktop/hiprfish/data/mock_community/species/s_0.1/primer3/28037.probe.blast.complete.txt
    jobid: 95
    wildcards: sample=mock_community, target_rank=species, similarity=0.1, taxon=28037
    resources: tmpdir=/tmp

[Fri Apr  1 00:04:09 2022]
Finished job 62.
33 of 106 steps (31%) done
Select jobs to execute...

[Fri Apr  1 00:04:09 2022]
rule blast_probes:
    input: /home/yeshua/Desktop/hiprfish/data/mock_community/species/s_0.1/primer3/1314_consensus.int
    output: /home/yeshua/Desktop/hiprfish/data/mock_community/species/s_0.1/primer3/1314.probe.blast.complete.txt
    jobid: 43
    wildcards: sample=mock_community, target_rank=species, similarity=0.1, taxon=1314
    resources: tmpdir=/tmp

[Fri Apr  1 00:10:16 2022]
Finished job 59.
34 of 106 steps (32%) done
Select jobs to execute...

[Fri Apr  1 00:10:16 2022]
rule evaluate_taxon_probes:
    input: /home/yeshua/Desktop/hiprfish/data/mock_community/species/s_0.1/primer3/1309_consensus.int, /home/yeshua/Desktop/hiprfish/data/mock_community/species/s_0.1/primer3/1309.probe.blast.complete.txt
    output: /home/yeshua/Desktop/hiprfish/data/mock_community/species/s_0.1/blast/1309.probe.evaluation.complete.txt
    jobid: 58
    wildcards: sample=mock_community, target_rank=species, similarity=0.1, taxon=1309
    resources: tmpdir=/tmp

[Fri Apr  1 00:10:19 2022]
Finished job 103.
35 of 106 steps (33%) done
Select jobs to execute...

[Fri Apr  1 00:10:19 2022]
rule evaluate_taxon_probes:
    input: /home/yeshua/Desktop/hiprfish/data/mock_community/species/s_0.1/primer3/176090_consensus.int, /home/yeshua/Desktop/hiprfish/data/mock_community/species/s_0.1/primer3/176090.probe.blast.complete.txt
    output: /home/yeshua/Desktop/hiprfish/data/mock_community/species/s_0.1/blast/176090.probe.evaluation.complete.txt
    jobid: 102
    wildcards: sample=mock_community, target_rank=species, similarity=0.1, taxon=176090
    resources: tmpdir=/tmp

[Fri Apr  1 00:10:20 2022]
Finished job 71.
36 of 106 steps (34%) done
Select jobs to execute...

[Fri Apr  1 00:10:20 2022]
rule evaluate_taxon_probes:
    input: /home/yeshua/Desktop/hiprfish/data/mock_community/species/s_0.1/primer3/1328_consensus.int, /home/yeshua/Desktop/hiprfish/data/mock_community/species/s_0.1/primer3/1328.probe.blast.complete.txt
    output: /home/yeshua/Desktop/hiprfish/data/mock_community/species/s_0.1/blast/1328.probe.evaluation.complete.txt
    jobid: 70
    wildcards: sample=mock_community, target_rank=species, similarity=0.1, taxon=1328
    resources: tmpdir=/tmp

[Fri Apr  1 00:10:31 2022]
Finished job 19.
37 of 106 steps (35%) done
Select jobs to execute...

[Fri Apr  1 00:10:31 2022]
rule evaluate_taxon_probes:
    input: /home/yeshua/Desktop/hiprfish/data/mock_community/species/s_0.1/primer3/1302_consensus.int, /home/yeshua/Desktop/hiprfish/data/mock_community/species/s_0.1/primer3/1302.probe.blast.complete.txt
    output: /home/yeshua/Desktop/hiprfish/data/mock_community/species/s_0.1/blast/1302.probe.evaluation.complete.txt
    jobid: 18
    wildcards: sample=mock_community, target_rank=species, similarity=0.1, taxon=1302
    resources: tmpdir=/tmp

[Fri Apr  1 00:10:32 2022]
Finished job 91.
38 of 106 steps (36%) done
Select jobs to execute...

[Fri Apr  1 00:10:32 2022]
rule evaluate_taxon_probes:
    input: /home/yeshua/Desktop/hiprfish/data/mock_community/species/s_0.1/primer3/1305_consensus.int, /home/yeshua/Desktop/hiprfish/data/mock_community/species/s_0.1/primer3/1305.probe.blast.complete.txt
    output: /home/yeshua/Desktop/hiprfish/data/mock_community/species/s_0.1/blast/1305.probe.evaluation.complete.txt
    jobid: 90
    wildcards: sample=mock_community, target_rank=species, similarity=0.1, taxon=1305
    resources: tmpdir=/tmp

[Fri Apr  1 00:10:34 2022]
Finished job 95.
39 of 106 steps (37%) done
Select jobs to execute...

[Fri Apr  1 00:10:34 2022]
rule evaluate_taxon_probes:
    input: /home/yeshua/Desktop/hiprfish/data/mock_community/species/s_0.1/primer3/28037_consensus.int, /home/yeshua/Desktop/hiprfish/data/mock_community/species/s_0.1/primer3/28037.probe.blast.complete.txt
    output: /home/yeshua/Desktop/hiprfish/data/mock_community/species/s_0.1/blast/28037.probe.evaluation.complete.txt
    jobid: 94
    wildcards: sample=mock_community, target_rank=species, similarity=0.1, taxon=28037
    resources: tmpdir=/tmp

[Fri Apr  1 00:10:36 2022]
Finished job 39.
40 of 106 steps (38%) done
Select jobs to execute...

[Fri Apr  1 00:10:36 2022]
rule evaluate_taxon_probes:
    input: /home/yeshua/Desktop/hiprfish/data/mock_community/species/s_0.1/primer3/684066_consensus.int, /home/yeshua/Desktop/hiprfish/data/mock_community/species/s_0.1/primer3/684066.probe.blast.complete.txt
    output: /home/yeshua/Desktop/hiprfish/data/mock_community/species/s_0.1/blast/684066.probe.evaluation.complete.txt
    jobid: 38
    wildcards: sample=mock_community, target_rank=species, similarity=0.1, taxon=684066
    resources: tmpdir=/tmp

[Fri Apr  1 00:10:39 2022]
Finished job 43.
41 of 106 steps (39%) done
Select jobs to execute...

[Fri Apr  1 00:10:39 2022]
rule evaluate_taxon_probes:
    input: /home/yeshua/Desktop/hiprfish/data/mock_community/species/s_0.1/primer3/1314_consensus.int, /home/yeshua/Desktop/hiprfish/data/mock_community/species/s_0.1/primer3/1314.probe.blast.complete.txt
    output: /home/yeshua/Desktop/hiprfish/data/mock_community/species/s_0.1/blast/1314.probe.evaluation.complete.txt
    jobid: 42
    wildcards: sample=mock_community, target_rank=species, similarity=0.1, taxon=1314
    resources: tmpdir=/tmp

[Fri Apr  1 00:17:20 2022]
Finished job 102.
42 of 106 steps (40%) done
Select jobs to execute...

[Fri Apr  1 00:17:20 2022]
rule blast_probes:
    input: /home/yeshua/Desktop/hiprfish/data/mock_community/species/s_0.1/primer3/1303_consensus.int
    output: /home/yeshua/Desktop/hiprfish/data/mock_community/species/s_0.1/primer3/1303.probe.blast.complete.txt
    jobid: 31
    wildcards: sample=mock_community, target_rank=species, similarity=0.1, taxon=1303
    resources: tmpdir=/tmp

[Fri Apr  1 00:17:24 2022]
Finished job 70.
43 of 106 steps (41%) done
Select jobs to execute...

[Fri Apr  1 00:17:24 2022]
rule select_taxon_probes:
    input: /home/yeshua/Desktop/hiprfish/data/mock_community/species/s_0.1/blast/1234680.probe.evaluation.complete.txt
    output: /home/yeshua/Desktop/hiprfish/data/simulation/DSGN0000/1234680_probe_selection.csv
    jobid: 73
    wildcards: design_id=DSGN0000, taxon=1234680
    resources: tmpdir=/tmp

[Fri Apr  1 00:17:28 2022]
Finished job 58.
44 of 106 steps (42%) done
Select jobs to execute...

[Fri Apr  1 00:17:28 2022]
rule select_taxon_probes:
    input: /home/yeshua/Desktop/hiprfish/data/mock_community/species/s_0.1/blast/2382163.probe.evaluation.complete.txt
    output: /home/yeshua/Desktop/hiprfish/data/simulation/DSGN0000/2382163_probe_selection.csv
    jobid: 65
    wildcards: design_id=DSGN0000, taxon=2382163
    resources: tmpdir=/tmp

[Fri Apr  1 00:17:32 2022]
Finished job 18.
45 of 106 steps (42%) done
Select jobs to execute...

[Fri Apr  1 00:17:32 2022]
rule select_taxon_probes:
    input: /home/yeshua/Desktop/hiprfish/data/mock_community/species/s_0.1/blast/113107.probe.evaluation.complete.txt
    output: /home/yeshua/Desktop/hiprfish/data/simulation/DSGN0000/113107_probe_selection.csv
    jobid: 109
    wildcards: design_id=DSGN0000, taxon=113107
    resources: tmpdir=/tmp

[Fri Apr  1 00:17:34 2022]
Finished job 90.
46 of 106 steps (43%) done
Select jobs to execute...

[Fri Apr  1 00:17:34 2022]
rule select_taxon_probes:
    input: /home/yeshua/Desktop/hiprfish/data/mock_community/species/s_0.1/blast/176090.probe.evaluation.complete.txt
    output: /home/yeshua/Desktop/hiprfish/data/simulation/DSGN0000/176090_probe_selection.csv
    jobid: 101
    wildcards: design_id=DSGN0000, taxon=176090
    resources: tmpdir=/tmp

[Fri Apr  1 00:17:40 2022]
Finished job 94.
47 of 106 steps (44%) done
Select jobs to execute...

[Fri Apr  1 00:17:40 2022]
rule select_taxon_probes:
    input: /home/yeshua/Desktop/hiprfish/data/mock_community/species/s_0.1/blast/28037.probe.evaluation.complete.txt
    output: /home/yeshua/Desktop/hiprfish/data/simulation/DSGN0000/28037_probe_selection.csv
    jobid: 93
    wildcards: design_id=DSGN0000, taxon=28037
    resources: tmpdir=/tmp

[Fri Apr  1 00:17:45 2022]
Finished job 42.
48 of 106 steps (45%) done
Select jobs to execute...

[Fri Apr  1 00:17:45 2022]
rule select_taxon_probes:
    input: /home/yeshua/Desktop/hiprfish/data/mock_community/species/s_0.1/blast/76860.probe.evaluation.complete.txt
    output: /home/yeshua/Desktop/hiprfish/data/simulation/DSGN0000/76860_probe_selection.csv
    jobid: 21
    wildcards: design_id=DSGN0000, taxon=76860
    resources: tmpdir=/tmp

[Fri Apr  1 00:17:48 2022]
Finished job 38.
49 of 106 steps (46%) done
Select jobs to execute...

[Fri Apr  1 00:17:48 2022]
rule select_taxon_probes:
    input: /home/yeshua/Desktop/hiprfish/data/mock_community/species/s_0.1/blast/684066.probe.evaluation.complete.txt
    output: /home/yeshua/Desktop/hiprfish/data/simulation/DSGN0000/684066_probe_selection.csv
    jobid: 37
    wildcards: design_id=DSGN0000, taxon=684066
    resources: tmpdir=/tmp

[Fri Apr  1 00:24:04 2022]
Finished job 101.
50 of 106 steps (47%) done
Select jobs to execute...

[Fri Apr  1 00:24:04 2022]
rule add_spacers:
    input: /home/yeshua/Desktop/hiprfish/data/simulation/DSGN0000/176090_probe_selection.csv
    output: /home/yeshua/Desktop/hiprfish/data/simulation/DSGN0000/176090_probe_selection_sa.csv
    jobid: 100
    wildcards: design_id=DSGN0000, taxon=176090
    resources: tmpdir=/tmp

[Fri Apr  1 00:24:06 2022]
Finished job 100.
51 of 106 steps (48%) done
Select jobs to execute...

[Fri Apr  1 00:24:06 2022]
rule select_taxon_probes:
    input: /home/yeshua/Desktop/hiprfish/data/mock_community/species/s_0.1/blast/45634.probe.evaluation.complete.txt
    output: /home/yeshua/Desktop/hiprfish/data/simulation/DSGN0000/45634_probe_selection.csv
    jobid: 45
    wildcards: design_id=DSGN0000, taxon=45634
    resources: tmpdir=/tmp

[Fri Apr  1 00:24:08 2022]
Finished job 73.
52 of 106 steps (49%) done
Select jobs to execute...

[Fri Apr  1 00:24:08 2022]
rule add_spacers:
    input: /home/yeshua/Desktop/hiprfish/data/simulation/DSGN0000/1234680_probe_selection.csv
    output: /home/yeshua/Desktop/hiprfish/data/simulation/DSGN0000/1234680_probe_selection_sa.csv
    jobid: 72
    wildcards: design_id=DSGN0000, taxon=1234680
    resources: tmpdir=/tmp

[Fri Apr  1 00:24:10 2022]
Finished job 65.
53 of 106 steps (50%) done
Select jobs to execute...

[Fri Apr  1 00:24:10 2022]
rule add_spacers:
    input: /home/yeshua/Desktop/hiprfish/data/simulation/DSGN0000/2382163_probe_selection.csv
    output: /home/yeshua/Desktop/hiprfish/data/simulation/DSGN0000/2382163_probe_selection_sa.csv
    jobid: 64
    wildcards: design_id=DSGN0000, taxon=2382163
    resources: tmpdir=/tmp

[Fri Apr  1 00:24:10 2022]
Finished job 72.
54 of 106 steps (51%) done
Select jobs to execute...

[Fri Apr  1 00:24:10 2022]
rule select_taxon_probes:
    input: /home/yeshua/Desktop/hiprfish/data/mock_community/species/s_0.1/blast/68892.probe.evaluation.complete.txt
    output: /home/yeshua/Desktop/hiprfish/data/simulation/DSGN0000/68892_probe_selection.csv
    jobid: 49
    wildcards: design_id=DSGN0000, taxon=68892
    resources: tmpdir=/tmp

[Fri Apr  1 00:24:12 2022]
Finished job 37.
55 of 106 steps (52%) done
Select jobs to execute...

[Fri Apr  1 00:24:12 2022]
rule add_spacers:
    input: /home/yeshua/Desktop/hiprfish/data/simulation/DSGN0000/684066_probe_selection.csv
    output: /home/yeshua/Desktop/hiprfish/data/simulation/DSGN0000/684066_probe_selection_sa.csv
    jobid: 36
    wildcards: design_id=DSGN0000, taxon=684066
    resources: tmpdir=/tmp

[Fri Apr  1 00:24:13 2022]
Finished job 64.
56 of 106 steps (53%) done
Select jobs to execute...

[Fri Apr  1 00:24:13 2022]
rule select_taxon_probes:
    input: /home/yeshua/Desktop/hiprfish/data/mock_community/species/s_0.1/blast/68891.probe.evaluation.complete.txt
    output: /home/yeshua/Desktop/hiprfish/data/simulation/DSGN0000/68891_probe_selection.csv
    jobid: 97
    wildcards: design_id=DSGN0000, taxon=68891
    resources: tmpdir=/tmp

[Fri Apr  1 00:24:14 2022]
Finished job 36.
57 of 106 steps (54%) done
Select jobs to execute...

[Fri Apr  1 00:24:14 2022]
rule select_taxon_probes:
    input: /home/yeshua/Desktop/hiprfish/data/mock_community/species/s_0.1/blast/1310.probe.evaluation.complete.txt
    output: /home/yeshua/Desktop/hiprfish/data/simulation/DSGN0000/1310_probe_selection.csv
    jobid: 81
    wildcards: design_id=DSGN0000, taxon=1310
    resources: tmpdir=/tmp

[Fri Apr  1 00:24:16 2022]
Finished job 21.
58 of 106 steps (55%) done
Select jobs to execute...

[Fri Apr  1 00:24:16 2022]
rule add_spacers:
    input: /home/yeshua/Desktop/hiprfish/data/simulation/DSGN0000/76860_probe_selection.csv
    output: /home/yeshua/Desktop/hiprfish/data/simulation/DSGN0000/76860_probe_selection_sa.csv
    jobid: 20
    wildcards: design_id=DSGN0000, taxon=76860
    resources: tmpdir=/tmp

[Fri Apr  1 00:24:19 2022]
Finished job 20.
59 of 106 steps (56%) done
Select jobs to execute...

[Fri Apr  1 00:24:19 2022]
rule select_taxon_probes:
    input: /home/yeshua/Desktop/hiprfish/data/mock_community/species/s_0.1/blast/1317.probe.evaluation.complete.txt
    output: /home/yeshua/Desktop/hiprfish/data/simulation/DSGN0000/1317_probe_selection.csv
    jobid: 25
    wildcards: design_id=DSGN0000, taxon=1317
    resources: tmpdir=/tmp

[Fri Apr  1 00:24:54 2022]
Finished job 93.
60 of 106 steps (57%) done
Select jobs to execute...

[Fri Apr  1 00:24:55 2022]
rule add_spacers:
    input: /home/yeshua/Desktop/hiprfish/data/simulation/DSGN0000/28037_probe_selection.csv
    output: /home/yeshua/Desktop/hiprfish/data/simulation/DSGN0000/28037_probe_selection_sa.csv
    jobid: 92
    wildcards: design_id=DSGN0000, taxon=28037
    resources: tmpdir=/tmp

[Fri Apr  1 00:24:57 2022]
Finished job 92.
61 of 106 steps (58%) done
Select jobs to execute...

[Fri Apr  1 00:24:57 2022]
rule select_taxon_probes:
    input: /home/yeshua/Desktop/hiprfish/data/mock_community/species/s_0.1/blast/1308.probe.evaluation.complete.txt
    output: /home/yeshua/Desktop/hiprfish/data/simulation/DSGN0000/1308_probe_selection.csv
    jobid: 61
    wildcards: design_id=DSGN0000, taxon=1308
    resources: tmpdir=/tmp

[Fri Apr  1 00:25:01 2022]
Finished job 109.
62 of 106 steps (58%) done
Select jobs to execute...

[Fri Apr  1 00:25:01 2022]
rule add_spacers:
    input: /home/yeshua/Desktop/hiprfish/data/simulation/DSGN0000/113107_probe_selection.csv
    output: /home/yeshua/Desktop/hiprfish/data/simulation/DSGN0000/113107_probe_selection_sa.csv
    jobid: 108
    wildcards: design_id=DSGN0000, taxon=113107
    resources: tmpdir=/tmp

[Fri Apr  1 00:25:02 2022]
Finished job 108.
63 of 106 steps (59%) done
Select jobs to execute...

[Fri Apr  1 00:25:02 2022]
rule select_taxon_probes:
    input: /home/yeshua/Desktop/hiprfish/data/mock_community/species/s_0.1/blast/1304.probe.evaluation.complete.txt
    output: /home/yeshua/Desktop/hiprfish/data/simulation/DSGN0000/1304_probe_selection.csv
    jobid: 85
    wildcards: design_id=DSGN0000, taxon=1304
    resources: tmpdir=/tmp

[Fri Apr  1 00:26:53 2022]
Finished job 31.
64 of 106 steps (60%) done
Select jobs to execute...

[Fri Apr  1 00:26:53 2022]
rule evaluate_taxon_probes:
    input: /home/yeshua/Desktop/hiprfish/data/mock_community/species/s_0.1/primer3/1303_consensus.int, /home/yeshua/Desktop/hiprfish/data/mock_community/species/s_0.1/primer3/1303.probe.blast.complete.txt
    output: /home/yeshua/Desktop/hiprfish/data/mock_community/species/s_0.1/blast/1303.probe.evaluation.complete.txt
    jobid: 30
    wildcards: sample=mock_community, target_rank=species, similarity=0.1, taxon=1303
    resources: tmpdir=/tmp

[Fri Apr  1 00:29:31 2022]
Finished job 49.
65 of 106 steps (61%) done
Select jobs to execute...

[Fri Apr  1 00:29:31 2022]
rule add_spacers:
    input: /home/yeshua/Desktop/hiprfish/data/simulation/DSGN0000/68892_probe_selection.csv
    output: /home/yeshua/Desktop/hiprfish/data/simulation/DSGN0000/68892_probe_selection_sa.csv
    jobid: 48
    wildcards: design_id=DSGN0000, taxon=68892
    resources: tmpdir=/tmp

[Fri Apr  1 00:29:31 2022]
Finished job 97.
66 of 106 steps (62%) done
Select jobs to execute...

[Fri Apr  1 00:29:31 2022]
rule add_spacers:
    input: /home/yeshua/Desktop/hiprfish/data/simulation/DSGN0000/68891_probe_selection.csv
    output: /home/yeshua/Desktop/hiprfish/data/simulation/DSGN0000/68891_probe_selection_sa.csv
    jobid: 96
    wildcards: design_id=DSGN0000, taxon=68891
    resources: tmpdir=/tmp

[Fri Apr  1 00:29:33 2022]
Finished job 48.
67 of 106 steps (63%) done
Select jobs to execute...

[Fri Apr  1 00:29:33 2022]
rule select_taxon_probes:
    input: /home/yeshua/Desktop/hiprfish/data/mock_community/species/s_0.1/blast/1338.probe.evaluation.complete.txt
    output: /home/yeshua/Desktop/hiprfish/data/simulation/DSGN0000/1338_probe_selection.csv
    jobid: 53
    wildcards: design_id=DSGN0000, taxon=1338
    resources: tmpdir=/tmp

[Fri Apr  1 00:29:34 2022]
Finished job 96.
68 of 106 steps (64%) done
Select jobs to execute...

[Fri Apr  1 00:29:34 2022]
rule select_taxon_probes:
    input: /home/yeshua/Desktop/hiprfish/data/mock_community/species/s_0.1/blast/1313.probe.evaluation.complete.txt
    output: /home/yeshua/Desktop/hiprfish/data/simulation/DSGN0000/1313_probe_selection.csv
    jobid: 77
    wildcards: design_id=DSGN0000, taxon=1313
    resources: tmpdir=/tmp

[Fri Apr  1 00:29:37 2022]
Finished job 81.
69 of 106 steps (65%) done
Select jobs to execute...

[Fri Apr  1 00:29:37 2022]
rule add_spacers:
    input: /home/yeshua/Desktop/hiprfish/data/simulation/DSGN0000/1310_probe_selection.csv
    output: /home/yeshua/Desktop/hiprfish/data/simulation/DSGN0000/1310_probe_selection_sa.csv
    jobid: 80
    wildcards: design_id=DSGN0000, taxon=1310
    resources: tmpdir=/tmp

[Fri Apr  1 00:29:38 2022]
Finished job 25.
70 of 106 steps (66%) done
Select jobs to execute...

[Fri Apr  1 00:29:38 2022]
rule add_spacers:
    input: /home/yeshua/Desktop/hiprfish/data/simulation/DSGN0000/1317_probe_selection.csv
    output: /home/yeshua/Desktop/hiprfish/data/simulation/DSGN0000/1317_probe_selection_sa.csv
    jobid: 24
    wildcards: design_id=DSGN0000, taxon=1317
    resources: tmpdir=/tmp

[Fri Apr  1 00:29:39 2022]
Finished job 80.
71 of 106 steps (67%) done
Select jobs to execute...

[Fri Apr  1 00:29:39 2022]
rule select_taxon_probes:
    input: /home/yeshua/Desktop/hiprfish/data/mock_community/species/s_0.1/blast/1311.probe.evaluation.complete.txt
    output: /home/yeshua/Desktop/hiprfish/data/simulation/DSGN0000/1311_probe_selection.csv
    jobid: 13
    wildcards: design_id=DSGN0000, taxon=1311
    resources: tmpdir=/tmp

[Fri Apr  1 00:29:39 2022]
Finished job 24.
72 of 106 steps (68%) done
Select jobs to execute...

[Fri Apr  1 00:29:39 2022]
rule select_taxon_probes:
    input: /home/yeshua/Desktop/hiprfish/data/mock_community/species/s_0.1/blast/1328.probe.evaluation.complete.txt
    output: /home/yeshua/Desktop/hiprfish/data/simulation/DSGN0000/1328_probe_selection.csv
    jobid: 69
    wildcards: design_id=DSGN0000, taxon=1328
    resources: tmpdir=/tmp

[Fri Apr  1 00:30:04 2022]
Finished job 45.
73 of 106 steps (69%) done
Select jobs to execute...

[Fri Apr  1 00:30:04 2022]
rule add_spacers:
    input: /home/yeshua/Desktop/hiprfish/data/simulation/DSGN0000/45634_probe_selection.csv
    output: /home/yeshua/Desktop/hiprfish/data/simulation/DSGN0000/45634_probe_selection_sa.csv
    jobid: 44
    wildcards: design_id=DSGN0000, taxon=45634
    resources: tmpdir=/tmp

[Fri Apr  1 00:30:05 2022]
Finished job 44.
74 of 106 steps (70%) done
Select jobs to execute...

[Fri Apr  1 00:30:05 2022]
rule select_taxon_probes:
    input: /home/yeshua/Desktop/hiprfish/data/mock_community/species/s_0.1/blast/1318.probe.evaluation.complete.txt
    output: /home/yeshua/Desktop/hiprfish/data/simulation/DSGN0000/1318_probe_selection.csv
    jobid: 105
    wildcards: design_id=DSGN0000, taxon=1318
    resources: tmpdir=/tmp

[Fri Apr  1 00:30:06 2022]
Finished job 61.
75 of 106 steps (71%) done
Select jobs to execute...

[Fri Apr  1 00:30:06 2022]
rule add_spacers:
    input: /home/yeshua/Desktop/hiprfish/data/simulation/DSGN0000/1308_probe_selection.csv
    output: /home/yeshua/Desktop/hiprfish/data/simulation/DSGN0000/1308_probe_selection_sa.csv
    jobid: 60
    wildcards: design_id=DSGN0000, taxon=1308
    resources: tmpdir=/tmp

[Fri Apr  1 00:30:08 2022]
Finished job 60.
76 of 106 steps (72%) done
Select jobs to execute...

[Fri Apr  1 00:30:08 2022]
rule select_taxon_probes:
    input: /home/yeshua/Desktop/hiprfish/data/mock_community/species/s_0.1/blast/1343.probe.evaluation.complete.txt
    output: /home/yeshua/Desktop/hiprfish/data/simulation/DSGN0000/1343_probe_selection.csv
    jobid: 33
    wildcards: design_id=DSGN0000, taxon=1343
    resources: tmpdir=/tmp

[Fri Apr  1 00:30:37 2022]
Finished job 85.
77 of 106 steps (73%) done
Select jobs to execute...

[Fri Apr  1 00:30:37 2022]
rule add_spacers:
    input: /home/yeshua/Desktop/hiprfish/data/simulation/DSGN0000/1304_probe_selection.csv
    output: /home/yeshua/Desktop/hiprfish/data/simulation/DSGN0000/1304_probe_selection_sa.csv
    jobid: 84
    wildcards: design_id=DSGN0000, taxon=1304
    resources: tmpdir=/tmp

[Fri Apr  1 00:30:39 2022]
Finished job 84.
78 of 106 steps (74%) done
Select jobs to execute...

[Fri Apr  1 00:30:39 2022]
rule select_taxon_probes:
    input: /home/yeshua/Desktop/hiprfish/data/mock_community/species/s_0.1/blast/1314.probe.evaluation.complete.txt
    output: /home/yeshua/Desktop/hiprfish/data/simulation/DSGN0000/1314_probe_selection.csv
    jobid: 41
    wildcards: design_id=DSGN0000, taxon=1314
    resources: tmpdir=/tmp

[Fri Apr  1 00:32:11 2022]
Finished job 30.
79 of 106 steps (75%) done
Select jobs to execute...

[Fri Apr  1 00:32:11 2022]
rule select_taxon_probes:
    input: /home/yeshua/Desktop/hiprfish/data/mock_community/species/s_0.1/blast/1303.probe.evaluation.complete.txt
    output: /home/yeshua/Desktop/hiprfish/data/simulation/DSGN0000/1303_probe_selection.csv
    jobid: 29
    wildcards: design_id=DSGN0000, taxon=1303
    resources: tmpdir=/tmp

[Fri Apr  1 00:34:25 2022]
Finished job 53.
80 of 106 steps (75%) done
Select jobs to execute...

[Fri Apr  1 00:34:25 2022]
rule add_spacers:
    input: /home/yeshua/Desktop/hiprfish/data/simulation/DSGN0000/1338_probe_selection.csv
    output: /home/yeshua/Desktop/hiprfish/data/simulation/DSGN0000/1338_probe_selection_sa.csv
    jobid: 52
    wildcards: design_id=DSGN0000, taxon=1338
    resources: tmpdir=/tmp

[Fri Apr  1 00:34:26 2022]
Finished job 52.
81 of 106 steps (76%) done
Select jobs to execute...

[Fri Apr  1 00:34:26 2022]
rule select_taxon_probes:
    input: /home/yeshua/Desktop/hiprfish/data/mock_community/species/s_0.1/blast/1309.probe.evaluation.complete.txt
    output: /home/yeshua/Desktop/hiprfish/data/simulation/DSGN0000/1309_probe_selection.csv
    jobid: 57
    wildcards: design_id=DSGN0000, taxon=1309
    resources: tmpdir=/tmp

[Fri Apr  1 00:34:27 2022]
Finished job 77.
82 of 106 steps (77%) done
Select jobs to execute...

[Fri Apr  1 00:34:27 2022]
rule add_spacers:
    input: /home/yeshua/Desktop/hiprfish/data/simulation/DSGN0000/1313_probe_selection.csv
    output: /home/yeshua/Desktop/hiprfish/data/simulation/DSGN0000/1313_probe_selection_sa.csv
    jobid: 76
    wildcards: design_id=DSGN0000, taxon=1313
    resources: tmpdir=/tmp

[Fri Apr  1 00:34:27 2022]
Finished job 69.
83 of 106 steps (78%) done
Select jobs to execute...

[Fri Apr  1 00:34:27 2022]
rule add_spacers:
    input: /home/yeshua/Desktop/hiprfish/data/simulation/DSGN0000/1328_probe_selection.csv
    output: /home/yeshua/Desktop/hiprfish/data/simulation/DSGN0000/1328_probe_selection_sa.csv
    jobid: 68
    wildcards: design_id=DSGN0000, taxon=1328
    resources: tmpdir=/tmp

[Fri Apr  1 00:34:27 2022]
Finished job 13.
84 of 106 steps (79%) done
Select jobs to execute...

[Fri Apr  1 00:34:27 2022]
rule add_spacers:
    input: /home/yeshua/Desktop/hiprfish/data/simulation/DSGN0000/1311_probe_selection.csv
    output: /home/yeshua/Desktop/hiprfish/data/simulation/DSGN0000/1311_probe_selection_sa.csv
    jobid: 12
    wildcards: design_id=DSGN0000, taxon=1311
    resources: tmpdir=/tmp

[Fri Apr  1 00:34:29 2022]
Finished job 68.
85 of 106 steps (80%) done
Select jobs to execute...

[Fri Apr  1 00:34:29 2022]
rule select_taxon_probes:
    input: /home/yeshua/Desktop/hiprfish/data/mock_community/species/s_0.1/blast/1305.probe.evaluation.complete.txt
    output: /home/yeshua/Desktop/hiprfish/data/simulation/DSGN0000/1305_probe_selection.csv
    jobid: 89
    wildcards: design_id=DSGN0000, taxon=1305
    resources: tmpdir=/tmp

[Fri Apr  1 00:34:29 2022]
Finished job 76.
86 of 106 steps (81%) done
Select jobs to execute...

[Fri Apr  1 00:34:29 2022]
rule select_taxon_probes:
    input: /home/yeshua/Desktop/hiprfish/data/mock_community/species/s_0.1/blast/1302.probe.evaluation.complete.txt
    output: /home/yeshua/Desktop/hiprfish/data/simulation/DSGN0000/1302_probe_selection.csv
    jobid: 17
    wildcards: design_id=DSGN0000, taxon=1302
    resources: tmpdir=/tmp

[Fri Apr  1 00:34:29 2022]
Finished job 12.
87 of 106 steps (82%) done
[Fri Apr  1 00:35:02 2022]
Finished job 33.
88 of 106 steps (83%) done
Select jobs to execute...

[Fri Apr  1 00:35:02 2022]
rule add_spacers:
    input: /home/yeshua/Desktop/hiprfish/data/simulation/DSGN0000/1343_probe_selection.csv
    output: /home/yeshua/Desktop/hiprfish/data/simulation/DSGN0000/1343_probe_selection_sa.csv
    jobid: 32
    wildcards: design_id=DSGN0000, taxon=1343
    resources: tmpdir=/tmp

[Fri Apr  1 00:35:04 2022]
Finished job 32.
89 of 106 steps (84%) done
[Fri Apr  1 00:35:24 2022]
Finished job 41.
90 of 106 steps (85%) done
Select jobs to execute...

[Fri Apr  1 00:35:24 2022]
rule add_spacers:
    input: /home/yeshua/Desktop/hiprfish/data/simulation/DSGN0000/1314_probe_selection.csv
    output: /home/yeshua/Desktop/hiprfish/data/simulation/DSGN0000/1314_probe_selection_sa.csv
    jobid: 40
    wildcards: design_id=DSGN0000, taxon=1314
    resources: tmpdir=/tmp

[Fri Apr  1 00:35:26 2022]
Finished job 40.
91 of 106 steps (86%) done
[Fri Apr  1 00:35:26 2022]
Finished job 105.
92 of 106 steps (87%) done
Select jobs to execute...

[Fri Apr  1 00:35:26 2022]
rule add_spacers:
    input: /home/yeshua/Desktop/hiprfish/data/simulation/DSGN0000/1318_probe_selection.csv
    output: /home/yeshua/Desktop/hiprfish/data/simulation/DSGN0000/1318_probe_selection_sa.csv
    jobid: 104
    wildcards: design_id=DSGN0000, taxon=1318
    resources: tmpdir=/tmp

[Fri Apr  1 00:35:27 2022]
Finished job 104.
93 of 106 steps (88%) done
[Fri Apr  1 00:36:37 2022]
Finished job 29.
94 of 106 steps (89%) done
Select jobs to execute...

[Fri Apr  1 00:36:37 2022]
rule add_spacers:
    input: /home/yeshua/Desktop/hiprfish/data/simulation/DSGN0000/1303_probe_selection.csv
    output: /home/yeshua/Desktop/hiprfish/data/simulation/DSGN0000/1303_probe_selection_sa.csv
    jobid: 28
    wildcards: design_id=DSGN0000, taxon=1303
    resources: tmpdir=/tmp

[Fri Apr  1 00:36:38 2022]
Finished job 28.
95 of 106 steps (90%) done
[Fri Apr  1 00:37:45 2022]
Finished job 17.
96 of 106 steps (91%) done
Select jobs to execute...

[Fri Apr  1 00:37:45 2022]
rule add_spacers:
    input: /home/yeshua/Desktop/hiprfish/data/simulation/DSGN0000/1302_probe_selection.csv
    output: /home/yeshua/Desktop/hiprfish/data/simulation/DSGN0000/1302_probe_selection_sa.csv
    jobid: 16
    wildcards: design_id=DSGN0000, taxon=1302
    resources: tmpdir=/tmp

[Fri Apr  1 00:37:45 2022]
Finished job 57.
97 of 106 steps (92%) done
Select jobs to execute...

[Fri Apr  1 00:37:45 2022]
rule add_spacers:
    input: /home/yeshua/Desktop/hiprfish/data/simulation/DSGN0000/1309_probe_selection.csv
    output: /home/yeshua/Desktop/hiprfish/data/simulation/DSGN0000/1309_probe_selection_sa.csv
    jobid: 56
    wildcards: design_id=DSGN0000, taxon=1309
    resources: tmpdir=/tmp

[Fri Apr  1 00:37:46 2022]
Finished job 16.
98 of 106 steps (92%) done
[Fri Apr  1 00:37:46 2022]
Finished job 56.
99 of 106 steps (93%) done
[Fri Apr  1 00:37:59 2022]
Finished job 89.
100 of 106 steps (94%) done
Select jobs to execute...

[Fri Apr  1 00:37:59 2022]
rule add_spacers:
    input: /home/yeshua/Desktop/hiprfish/data/simulation/DSGN0000/1305_probe_selection.csv
    output: /home/yeshua/Desktop/hiprfish/data/simulation/DSGN0000/1305_probe_selection_sa.csv
    jobid: 88
    wildcards: design_id=DSGN0000, taxon=1305
    resources: tmpdir=/tmp

[Fri Apr  1 00:37:59 2022]
Finished job 88.
101 of 106 steps (95%) done
Select jobs to execute...

[Fri Apr  1 00:37:59 2022]
rule collect_selected_probe_information:
    input: /home/yeshua/Desktop/hiprfish/simulation_table/simulation_table_example.csv, /home/yeshua/Desktop/hiprfish/data/simulation/DSGN0000, /home/yeshua/Desktop/hiprfish/data/simulation/DSGN0000/1311_probe_selection_sa.csv, /home/yeshua/Desktop/hiprfish/data/simulation/DSGN0000/1302_probe_selection_sa.csv, /home/yeshua/Desktop/hiprfish/data/simulation/DSGN0000/76860_probe_selection_sa.csv, /home/yeshua/Desktop/hiprfish/data/simulation/DSGN0000/1317_probe_selection_sa.csv, /home/yeshua/Desktop/hiprfish/data/simulation/DSGN0000/1303_probe_selection_sa.csv, /home/yeshua/Desktop/hiprfish/data/simulation/DSGN0000/1343_probe_selection_sa.csv, /home/yeshua/Desktop/hiprfish/data/simulation/DSGN0000/684066_probe_selection_sa.csv, /home/yeshua/Desktop/hiprfish/data/simulation/DSGN0000/1314_probe_selection_sa.csv, /home/yeshua/Desktop/hiprfish/data/simulation/DSGN0000/45634_probe_selection_sa.csv, /home/yeshua/Desktop/hiprfish/data/simulation/DSGN0000/68892_probe_selection_sa.csv, /home/yeshua/Desktop/hiprfish/data/simulation/DSGN0000/1338_probe_selection_sa.csv, /home/yeshua/Desktop/hiprfish/data/simulation/DSGN0000/1309_probe_selection_sa.csv, /home/yeshua/Desktop/hiprfish/data/simulation/DSGN0000/1308_probe_selection_sa.csv, /home/yeshua/Desktop/hiprfish/data/simulation/DSGN0000/2382163_probe_selection_sa.csv, /home/yeshua/Desktop/hiprfish/data/simulation/DSGN0000/1328_probe_selection_sa.csv, /home/yeshua/Desktop/hiprfish/data/simulation/DSGN0000/1234680_probe_selection_sa.csv, /home/yeshua/Desktop/hiprfish/data/simulation/DSGN0000/1313_probe_selection_sa.csv, /home/yeshua/Desktop/hiprfish/data/simulation/DSGN0000/1310_probe_selection_sa.csv, /home/yeshua/Desktop/hiprfish/data/simulation/DSGN0000/1304_probe_selection_sa.csv, /home/yeshua/Desktop/hiprfish/data/simulation/DSGN0000/1305_probe_selection_sa.csv, /home/yeshua/Desktop/hiprfish/data/simulation/DSGN0000/28037_probe_selection_sa.csv, /home/yeshua/Desktop/hiprfish/data/simulation/DSGN0000/68891_probe_selection_sa.csv, /home/yeshua/Desktop/hiprfish/data/simulation/DSGN0000/176090_probe_selection_sa.csv, /home/yeshua/Desktop/hiprfish/data/simulation/DSGN0000/1318_probe_selection_sa.csv, /home/yeshua/Desktop/hiprfish/data/simulation/DSGN0000/113107_probe_selection_sa.csv
    output: /home/yeshua/Desktop/hiprfish/data/simulation/DSGN0000/taxon_best_probes.csv, /home/yeshua/Desktop/hiprfish/data/simulation/DSGN0000/taxon_best_probes_filtered.csv, /home/yeshua/Desktop/hiprfish/data/simulation/DSGN0000/taxon_best_probes_summary.csv
    jobid: 4
    wildcards: design_id=DSGN0000
    resources: tmpdir=/tmp

[Fri Apr  1 00:38:00 2022]
Finished job 4.
102 of 106 steps (96%) done
Select jobs to execute...

[Fri Apr  1 00:38:00 2022]
rule generate_full_probes:
    input: /home/yeshua/Desktop/hiprfish/data/simulation/DSGN0000/taxon_best_probes.csv
    output: /home/yeshua/Desktop/hiprfish/data/simulation/DSGN0000/DSGN0000_full_length_probes_sequences.txt, /home/yeshua/Desktop/hiprfish/data/simulation/DSGN0000/DSGN0000_full_length_blocking_probes_sequences.txt, /home/yeshua/Desktop/hiprfish/data/simulation/DSGN0000/DSGN0000_full_length_helper_probes_sequences.txt, /home/yeshua/Desktop/hiprfish/data/simulation/DSGN0000/DSGN0000_full_length_probes_summary.txt
    jobid: 3
    wildcards: design_id=DSGN0000
    resources: tmpdir=/tmp

[Fri Apr  1 00:40:17 2022]
Error in rule generate_full_probes:
    jobid: 3
    output: /home/yeshua/Desktop/hiprfish/data/simulation/DSGN0000/DSGN0000_full_length_probes_sequences.txt, /home/yeshua/Desktop/hiprfish/data/simulation/DSGN0000/DSGN0000_full_length_blocking_probes_sequences.txt, /home/yeshua/Desktop/hiprfish/data/simulation/DSGN0000/DSGN0000_full_length_helper_probes_sequences.txt, /home/yeshua/Desktop/hiprfish/data/simulation/DSGN0000/DSGN0000_full_length_probes_summary.txt
    shell:
        python3 /home/yeshua/Desktop/hiprfish/hiprfish_code/probe-design/hiprfish-probe-design-consensus/hiprfish_generate_full_probes.py /home/yeshua/Desktop/hiprfish/data/simulation/DSGN0000 /home/yeshua/Desktop/hiprfish/data/mock_community/species/s_0.1/consensus /home/yeshua/Desktop/hiprfish/data/utilities/mock_community/species/s_0.1/consensus /home/yeshua/Desktop/hiprfish/data/mock_community/species/s_0.1/blast /home/yeshua/Desktop/hiprfish/data/mock_community/input/mock_community.oriented.fasta 0.99 14 15 -ps C -t species -bs MostSimple -hr 14 -tc white
        (one of the commands exited with non-zero exit code; note that snakemake uses bash strict mode!)

Removing output files of failed job generate_full_probes since they might be corrupted:
/home/yeshua/Desktop/hiprfish/data/simulation/DSGN0000/DSGN0000_full_length_probes_sequences.txt, /home/yeshua/Desktop/hiprfish/data/simulation/DSGN0000/DSGN0000_full_length_blocking_probes_sequences.txt, /home/yeshua/Desktop/hiprfish/data/simulation/DSGN0000/DSGN0000_full_length_helper_probes_sequences.txt
Shutting down, this might take some time.
Exiting because a job execution failed. Look above for error message
Complete log: .snakemake/log/2022-03-31T232954.385316.snakemake.log
