Building DAG of jobs...
Using shell: /usr/bin/bash
Provided cores: 8
Rules claiming more threads will be scaled down.
Job stats:
job                                   count    min threads    max threads
----------------------------------  -------  -------------  -------------
add_spacers                               1              1              1
all                                       1              1              1
blast_probes                              1              1              1
collect_probe_coverage_results            1              1              1
collect_selected_probe_information        1              1              1
combine_full_length_sequences             1              1              1
design_probes                             1              1              1
evaluate_taxon_probes                     1              1              1
generate_full_probes                      1              1              1
select_taxon_probes                       1              1              1
total                                    10              1              1

Select jobs to execute...

[Wed Apr  6 00:55:17 2022]
rule design_probes:
    input: /home/yeshua/Desktop/hiprfish/data/mock_community/input/mock_community.fasta, /home/yeshua/Desktop/hiprfish/data/mock_community
    output: /home/yeshua/Desktop/hiprfish/data/mock_community/species/s_0.1/primer3/{*}_consensus.int (dynamic)
    jobid: 8
    wildcards: sample=mock_community, target_rank=species, similarity=0.1
    resources: tmpdir=/tmp

Subsequent jobs will be added dynamically depending on the output of this job
[Wed Apr  6 00:57:19 2022]
Finished job 8.
1 of 10 steps (10%) done
Dynamically updating jobs
Select jobs to execute...

[Wed Apr  6 00:57:21 2022]
rule blast_probes:
    input: /home/yeshua/Desktop/hiprfish/data/mock_community/species/s_0.1/primer3/1308_consensus.int
    output: /home/yeshua/Desktop/hiprfish/data/mock_community/species/s_0.1/primer3/1308.probe.blast.complete.txt
    jobid: 27
    wildcards: sample=mock_community, target_rank=species, similarity=0.1, taxon=1308
    resources: tmpdir=/tmp


[Wed Apr  6 00:57:21 2022]
rule blast_probes:
    input: /home/yeshua/Desktop/hiprfish/data/mock_community/species/s_0.1/primer3/28037_consensus.int
    output: /home/yeshua/Desktop/hiprfish/data/mock_community/species/s_0.1/primer3/28037.probe.blast.complete.txt
    jobid: 83
    wildcards: sample=mock_community, target_rank=species, similarity=0.1, taxon=28037
    resources: tmpdir=/tmp


[Wed Apr  6 00:57:21 2022]
rule blast_probes:
    input: /home/yeshua/Desktop/hiprfish/data/mock_community/species/s_0.1/primer3/1304_consensus.int
    output: /home/yeshua/Desktop/hiprfish/data/mock_community/species/s_0.1/primer3/1304.probe.blast.complete.txt
    jobid: 39
    wildcards: sample=mock_community, target_rank=species, similarity=0.1, taxon=1304
    resources: tmpdir=/tmp


[Wed Apr  6 00:57:21 2022]
rule blast_probes:
    input: /home/yeshua/Desktop/hiprfish/data/mock_community/species/s_0.1/primer3/113107_consensus.int
    output: /home/yeshua/Desktop/hiprfish/data/mock_community/species/s_0.1/primer3/113107.probe.blast.complete.txt
    jobid: 95
    wildcards: sample=mock_community, target_rank=species, similarity=0.1, taxon=113107
    resources: tmpdir=/tmp


[Wed Apr  6 00:57:21 2022]
rule blast_probes:
    input: /home/yeshua/Desktop/hiprfish/data/mock_community/species/s_0.1/primer3/1310_consensus.int
    output: /home/yeshua/Desktop/hiprfish/data/mock_community/species/s_0.1/primer3/1310.probe.blast.complete.txt
    jobid: 31
    wildcards: sample=mock_community, target_rank=species, similarity=0.1, taxon=1310
    resources: tmpdir=/tmp


[Wed Apr  6 00:57:21 2022]
rule blast_probes:
    input: /home/yeshua/Desktop/hiprfish/data/mock_community/species/s_0.1/primer3/1317_consensus.int
    output: /home/yeshua/Desktop/hiprfish/data/mock_community/species/s_0.1/primer3/1317.probe.blast.complete.txt
    jobid: 23
    wildcards: sample=mock_community, target_rank=species, similarity=0.1, taxon=1317
    resources: tmpdir=/tmp


[Wed Apr  6 00:57:21 2022]
rule blast_probes:
    input: /home/yeshua/Desktop/hiprfish/data/mock_community/species/s_0.1/primer3/1234680_consensus.int
    output: /home/yeshua/Desktop/hiprfish/data/mock_community/species/s_0.1/primer3/1234680.probe.blast.complete.txt
    jobid: 71
    wildcards: sample=mock_community, target_rank=species, similarity=0.1, taxon=1234680
    resources: tmpdir=/tmp


[Wed Apr  6 00:57:21 2022]
rule blast_probes:
    input: /home/yeshua/Desktop/hiprfish/data/mock_community/species/s_0.1/primer3/1313_consensus.int
    output: /home/yeshua/Desktop/hiprfish/data/mock_community/species/s_0.1/primer3/1313.probe.blast.complete.txt
    jobid: 19
    wildcards: sample=mock_community, target_rank=species, similarity=0.1, taxon=1313
    resources: tmpdir=/tmp

[Wed Apr  6 01:02:17 2022]
Finished job 71.
2 of 94 steps (2%) done
Select jobs to execute...

[Wed Apr  6 01:02:17 2022]
rule evaluate_taxon_probes:
    input: /home/yeshua/Desktop/hiprfish/data/mock_community/species/s_0.1/primer3/1234680_consensus.int, /home/yeshua/Desktop/hiprfish/data/mock_community/species/s_0.1/primer3/1234680.probe.blast.complete.txt
    output: /home/yeshua/Desktop/hiprfish/data/mock_community/species/s_0.1/blast/1234680.probe.evaluation.complete.txt
    jobid: 70
    wildcards: sample=mock_community, target_rank=species, similarity=0.1, taxon=1234680
    resources: tmpdir=/tmp

[Wed Apr  6 01:02:23 2022]
Finished job 31.
3 of 94 steps (3%) done
Select jobs to execute...

[Wed Apr  6 01:02:23 2022]
rule evaluate_taxon_probes:
    input: /home/yeshua/Desktop/hiprfish/data/mock_community/species/s_0.1/primer3/1310_consensus.int, /home/yeshua/Desktop/hiprfish/data/mock_community/species/s_0.1/primer3/1310.probe.blast.complete.txt
    output: /home/yeshua/Desktop/hiprfish/data/mock_community/species/s_0.1/blast/1310.probe.evaluation.complete.txt
    jobid: 30
    wildcards: sample=mock_community, target_rank=species, similarity=0.1, taxon=1310
    resources: tmpdir=/tmp

[Wed Apr  6 01:02:24 2022]
Finished job 95.
4 of 94 steps (4%) done
Select jobs to execute...

[Wed Apr  6 01:02:24 2022]
rule evaluate_taxon_probes:
    input: /home/yeshua/Desktop/hiprfish/data/mock_community/species/s_0.1/primer3/113107_consensus.int, /home/yeshua/Desktop/hiprfish/data/mock_community/species/s_0.1/primer3/113107.probe.blast.complete.txt
    output: /home/yeshua/Desktop/hiprfish/data/mock_community/species/s_0.1/blast/113107.probe.evaluation.complete.txt
    jobid: 94
    wildcards: sample=mock_community, target_rank=species, similarity=0.1, taxon=113107
    resources: tmpdir=/tmp

[Wed Apr  6 01:02:24 2022]
Finished job 83.
5 of 94 steps (5%) done
Select jobs to execute...

[Wed Apr  6 01:02:24 2022]
rule evaluate_taxon_probes:
    input: /home/yeshua/Desktop/hiprfish/data/mock_community/species/s_0.1/primer3/28037_consensus.int, /home/yeshua/Desktop/hiprfish/data/mock_community/species/s_0.1/primer3/28037.probe.blast.complete.txt
    output: /home/yeshua/Desktop/hiprfish/data/mock_community/species/s_0.1/blast/28037.probe.evaluation.complete.txt
    jobid: 82
    wildcards: sample=mock_community, target_rank=species, similarity=0.1, taxon=28037
    resources: tmpdir=/tmp

[Wed Apr  6 01:02:26 2022]
Finished job 19.
6 of 94 steps (6%) done
Select jobs to execute...

[Wed Apr  6 01:02:26 2022]
rule evaluate_taxon_probes:
    input: /home/yeshua/Desktop/hiprfish/data/mock_community/species/s_0.1/primer3/1313_consensus.int, /home/yeshua/Desktop/hiprfish/data/mock_community/species/s_0.1/primer3/1313.probe.blast.complete.txt
    output: /home/yeshua/Desktop/hiprfish/data/mock_community/species/s_0.1/blast/1313.probe.evaluation.complete.txt
    jobid: 18
    wildcards: sample=mock_community, target_rank=species, similarity=0.1, taxon=1313
    resources: tmpdir=/tmp

[Wed Apr  6 01:02:28 2022]
Finished job 23.
7 of 94 steps (7%) done
Select jobs to execute...

[Wed Apr  6 01:02:28 2022]
rule evaluate_taxon_probes:
    input: /home/yeshua/Desktop/hiprfish/data/mock_community/species/s_0.1/primer3/1317_consensus.int, /home/yeshua/Desktop/hiprfish/data/mock_community/species/s_0.1/primer3/1317.probe.blast.complete.txt
    output: /home/yeshua/Desktop/hiprfish/data/mock_community/species/s_0.1/blast/1317.probe.evaluation.complete.txt
    jobid: 22
    wildcards: sample=mock_community, target_rank=species, similarity=0.1, taxon=1317
    resources: tmpdir=/tmp

[Wed Apr  6 01:02:29 2022]
Finished job 27.
8 of 94 steps (9%) done
Select jobs to execute...

[Wed Apr  6 01:02:29 2022]
rule evaluate_taxon_probes:
    input: /home/yeshua/Desktop/hiprfish/data/mock_community/species/s_0.1/primer3/1308_consensus.int, /home/yeshua/Desktop/hiprfish/data/mock_community/species/s_0.1/primer3/1308.probe.blast.complete.txt
    output: /home/yeshua/Desktop/hiprfish/data/mock_community/species/s_0.1/blast/1308.probe.evaluation.complete.txt
    jobid: 26
    wildcards: sample=mock_community, target_rank=species, similarity=0.1, taxon=1308
    resources: tmpdir=/tmp

[Wed Apr  6 01:02:34 2022]
Finished job 39.
9 of 94 steps (10%) done
Select jobs to execute...

[Wed Apr  6 01:02:34 2022]
rule evaluate_taxon_probes:
    input: /home/yeshua/Desktop/hiprfish/data/mock_community/species/s_0.1/primer3/1304_consensus.int, /home/yeshua/Desktop/hiprfish/data/mock_community/species/s_0.1/primer3/1304.probe.blast.complete.txt
    output: /home/yeshua/Desktop/hiprfish/data/mock_community/species/s_0.1/blast/1304.probe.evaluation.complete.txt
    jobid: 38
    wildcards: sample=mock_community, target_rank=species, similarity=0.1, taxon=1304
    resources: tmpdir=/tmp

[Wed Apr  6 01:07:53 2022]
Finished job 82.
10 of 94 steps (11%) done
Select jobs to execute...

[Wed Apr  6 01:07:53 2022]
rule blast_probes:
    input: /home/yeshua/Desktop/hiprfish/data/mock_community/species/s_0.1/primer3/1311_consensus.int
    output: /home/yeshua/Desktop/hiprfish/data/mock_community/species/s_0.1/primer3/1311.probe.blast.complete.txt
    jobid: 67
    wildcards: sample=mock_community, target_rank=species, similarity=0.1, taxon=1311
    resources: tmpdir=/tmp

[Wed Apr  6 01:08:01 2022]
Finished job 22.
11 of 94 steps (12%) done
Select jobs to execute...

[Wed Apr  6 01:08:01 2022]
rule blast_probes:
    input: /home/yeshua/Desktop/hiprfish/data/mock_community/species/s_0.1/primer3/1343_consensus.int
    output: /home/yeshua/Desktop/hiprfish/data/mock_community/species/s_0.1/primer3/1343.probe.blast.complete.txt
    jobid: 59
    wildcards: sample=mock_community, target_rank=species, similarity=0.1, taxon=1343
    resources: tmpdir=/tmp

[Wed Apr  6 01:08:03 2022]
Finished job 70.
12 of 94 steps (13%) done
Select jobs to execute...

[Wed Apr  6 01:08:03 2022]
rule blast_probes:
    input: /home/yeshua/Desktop/hiprfish/data/mock_community/species/s_0.1/primer3/76860_consensus.int
    output: /home/yeshua/Desktop/hiprfish/data/mock_community/species/s_0.1/primer3/76860.probe.blast.complete.txt
    jobid: 35
    wildcards: sample=mock_community, target_rank=species, similarity=0.1, taxon=76860
    resources: tmpdir=/tmp

[Wed Apr  6 01:08:05 2022]
Finished job 94.
13 of 94 steps (14%) done
Select jobs to execute...

[Wed Apr  6 01:08:05 2022]
rule blast_probes:
    input: /home/yeshua/Desktop/hiprfish/data/mock_community/species/s_0.1/primer3/1338_consensus.int
    output: /home/yeshua/Desktop/hiprfish/data/mock_community/species/s_0.1/primer3/1338.probe.blast.complete.txt
    jobid: 51
    wildcards: sample=mock_community, target_rank=species, similarity=0.1, taxon=1338
    resources: tmpdir=/tmp

[Wed Apr  6 01:08:15 2022]
Finished job 26.
14 of 94 steps (15%) done
Select jobs to execute...

[Wed Apr  6 01:08:15 2022]
rule blast_probes:
    input: /home/yeshua/Desktop/hiprfish/data/mock_community/species/s_0.1/primer3/1309_consensus.int
    output: /home/yeshua/Desktop/hiprfish/data/mock_community/species/s_0.1/primer3/1309.probe.blast.complete.txt
    jobid: 47
    wildcards: sample=mock_community, target_rank=species, similarity=0.1, taxon=1309
    resources: tmpdir=/tmp

[Wed Apr  6 01:08:16 2022]
Finished job 18.
15 of 94 steps (16%) done
Select jobs to execute...

[Wed Apr  6 01:08:16 2022]
rule blast_probes:
    input: /home/yeshua/Desktop/hiprfish/data/mock_community/species/s_0.1/primer3/1328_consensus.int
    output: /home/yeshua/Desktop/hiprfish/data/mock_community/species/s_0.1/primer3/1328.probe.blast.complete.txt
    jobid: 79
    wildcards: sample=mock_community, target_rank=species, similarity=0.1, taxon=1328
    resources: tmpdir=/tmp

[Wed Apr  6 01:08:19 2022]
Finished job 38.
16 of 94 steps (17%) done
Select jobs to execute...

[Wed Apr  6 01:08:19 2022]
rule blast_probes:
    input: /home/yeshua/Desktop/hiprfish/data/mock_community/species/s_0.1/primer3/1302_consensus.int
    output: /home/yeshua/Desktop/hiprfish/data/mock_community/species/s_0.1/primer3/1302.probe.blast.complete.txt
    jobid: 63
    wildcards: sample=mock_community, target_rank=species, similarity=0.1, taxon=1302
    resources: tmpdir=/tmp

[Wed Apr  6 01:08:20 2022]
Finished job 30.
17 of 94 steps (18%) done
Select jobs to execute...

[Wed Apr  6 01:08:20 2022]
rule blast_probes:
    input: /home/yeshua/Desktop/hiprfish/data/mock_community/species/s_0.1/primer3/176090_consensus.int
    output: /home/yeshua/Desktop/hiprfish/data/mock_community/species/s_0.1/primer3/176090.probe.blast.complete.txt
    jobid: 43
    wildcards: sample=mock_community, target_rank=species, similarity=0.1, taxon=176090
    resources: tmpdir=/tmp

[Wed Apr  6 01:13:33 2022]
Finished job 67.
18 of 94 steps (19%) done
Select jobs to execute...

[Wed Apr  6 01:13:33 2022]
rule evaluate_taxon_probes:
    input: /home/yeshua/Desktop/hiprfish/data/mock_community/species/s_0.1/primer3/1311_consensus.int, /home/yeshua/Desktop/hiprfish/data/mock_community/species/s_0.1/primer3/1311.probe.blast.complete.txt
    output: /home/yeshua/Desktop/hiprfish/data/mock_community/species/s_0.1/blast/1311.probe.evaluation.complete.txt
    jobid: 66
    wildcards: sample=mock_community, target_rank=species, similarity=0.1, taxon=1311
    resources: tmpdir=/tmp

[Wed Apr  6 01:13:39 2022]
Finished job 59.
19 of 94 steps (20%) done
Select jobs to execute...

[Wed Apr  6 01:13:39 2022]
rule evaluate_taxon_probes:
    input: /home/yeshua/Desktop/hiprfish/data/mock_community/species/s_0.1/primer3/1343_consensus.int, /home/yeshua/Desktop/hiprfish/data/mock_community/species/s_0.1/primer3/1343.probe.blast.complete.txt
    output: /home/yeshua/Desktop/hiprfish/data/mock_community/species/s_0.1/blast/1343.probe.evaluation.complete.txt
    jobid: 58
    wildcards: sample=mock_community, target_rank=species, similarity=0.1, taxon=1343
    resources: tmpdir=/tmp

[Wed Apr  6 01:13:45 2022]
Finished job 51.
20 of 94 steps (21%) done
Select jobs to execute...

[Wed Apr  6 01:13:45 2022]
rule evaluate_taxon_probes:
    input: /home/yeshua/Desktop/hiprfish/data/mock_community/species/s_0.1/primer3/1338_consensus.int, /home/yeshua/Desktop/hiprfish/data/mock_community/species/s_0.1/primer3/1338.probe.blast.complete.txt
    output: /home/yeshua/Desktop/hiprfish/data/mock_community/species/s_0.1/blast/1338.probe.evaluation.complete.txt
    jobid: 50
    wildcards: sample=mock_community, target_rank=species, similarity=0.1, taxon=1338
    resources: tmpdir=/tmp

[Wed Apr  6 01:13:47 2022]
Finished job 35.
21 of 94 steps (22%) done
Select jobs to execute...

[Wed Apr  6 01:13:47 2022]
rule evaluate_taxon_probes:
    input: /home/yeshua/Desktop/hiprfish/data/mock_community/species/s_0.1/primer3/76860_consensus.int, /home/yeshua/Desktop/hiprfish/data/mock_community/species/s_0.1/primer3/76860.probe.blast.complete.txt
    output: /home/yeshua/Desktop/hiprfish/data/mock_community/species/s_0.1/blast/76860.probe.evaluation.complete.txt
    jobid: 34
    wildcards: sample=mock_community, target_rank=species, similarity=0.1, taxon=76860
    resources: tmpdir=/tmp

[Wed Apr  6 01:14:00 2022]
Finished job 79.
22 of 94 steps (23%) done
Select jobs to execute...

[Wed Apr  6 01:14:00 2022]
rule evaluate_taxon_probes:
    input: /home/yeshua/Desktop/hiprfish/data/mock_community/species/s_0.1/primer3/1328_consensus.int, /home/yeshua/Desktop/hiprfish/data/mock_community/species/s_0.1/primer3/1328.probe.blast.complete.txt
    output: /home/yeshua/Desktop/hiprfish/data/mock_community/species/s_0.1/blast/1328.probe.evaluation.complete.txt
    jobid: 78
    wildcards: sample=mock_community, target_rank=species, similarity=0.1, taxon=1328
    resources: tmpdir=/tmp

[Wed Apr  6 01:14:02 2022]
Finished job 63.
23 of 94 steps (24%) done
Select jobs to execute...

[Wed Apr  6 01:14:02 2022]
rule evaluate_taxon_probes:
    input: /home/yeshua/Desktop/hiprfish/data/mock_community/species/s_0.1/primer3/1302_consensus.int, /home/yeshua/Desktop/hiprfish/data/mock_community/species/s_0.1/primer3/1302.probe.blast.complete.txt
    output: /home/yeshua/Desktop/hiprfish/data/mock_community/species/s_0.1/blast/1302.probe.evaluation.complete.txt
    jobid: 62
    wildcards: sample=mock_community, target_rank=species, similarity=0.1, taxon=1302
    resources: tmpdir=/tmp

[Wed Apr  6 01:14:18 2022]
Finished job 43.
24 of 94 steps (26%) done
Select jobs to execute...

[Wed Apr  6 01:14:18 2022]
rule evaluate_taxon_probes:
    input: /home/yeshua/Desktop/hiprfish/data/mock_community/species/s_0.1/primer3/176090_consensus.int, /home/yeshua/Desktop/hiprfish/data/mock_community/species/s_0.1/primer3/176090.probe.blast.complete.txt
    output: /home/yeshua/Desktop/hiprfish/data/mock_community/species/s_0.1/blast/176090.probe.evaluation.complete.txt
    jobid: 42
    wildcards: sample=mock_community, target_rank=species, similarity=0.1, taxon=176090
    resources: tmpdir=/tmp

[Wed Apr  6 01:14:21 2022]
Finished job 47.
25 of 94 steps (27%) done
Select jobs to execute...

[Wed Apr  6 01:14:21 2022]
rule evaluate_taxon_probes:
    input: /home/yeshua/Desktop/hiprfish/data/mock_community/species/s_0.1/primer3/1309_consensus.int, /home/yeshua/Desktop/hiprfish/data/mock_community/species/s_0.1/primer3/1309.probe.blast.complete.txt
    output: /home/yeshua/Desktop/hiprfish/data/mock_community/species/s_0.1/blast/1309.probe.evaluation.complete.txt
    jobid: 46
    wildcards: sample=mock_community, target_rank=species, similarity=0.1, taxon=1309
    resources: tmpdir=/tmp

[Wed Apr  6 01:19:42 2022]
Finished job 66.
26 of 94 steps (28%) done
Select jobs to execute...

[Wed Apr  6 01:19:42 2022]
rule blast_probes:
    input: /home/yeshua/Desktop/hiprfish/data/mock_community/species/s_0.1/primer3/1314_consensus.int
    output: /home/yeshua/Desktop/hiprfish/data/mock_community/species/s_0.1/primer3/1314.probe.blast.complete.txt
    jobid: 55
    wildcards: sample=mock_community, target_rank=species, similarity=0.1, taxon=1314
    resources: tmpdir=/tmp

[Wed Apr  6 01:19:45 2022]
Finished job 58.
27 of 94 steps (29%) done
Select jobs to execute...

[Wed Apr  6 01:19:45 2022]
rule blast_probes:
    input: /home/yeshua/Desktop/hiprfish/data/mock_community/species/s_0.1/primer3/1318_consensus.int
    output: /home/yeshua/Desktop/hiprfish/data/mock_community/species/s_0.1/primer3/1318.probe.blast.complete.txt
    jobid: 75
    wildcards: sample=mock_community, target_rank=species, similarity=0.1, taxon=1318
    resources: tmpdir=/tmp

[Wed Apr  6 01:19:53 2022]
Finished job 50.
28 of 94 steps (30%) done
Select jobs to execute...

[Wed Apr  6 01:19:53 2022]
rule blast_probes:
    input: /home/yeshua/Desktop/hiprfish/data/mock_community/species/s_0.1/primer3/1305_consensus.int
    output: /home/yeshua/Desktop/hiprfish/data/mock_community/species/s_0.1/primer3/1305.probe.blast.complete.txt
    jobid: 87
    wildcards: sample=mock_community, target_rank=species, similarity=0.1, taxon=1305
    resources: tmpdir=/tmp

[Wed Apr  6 01:19:54 2022]
Finished job 34.
29 of 94 steps (31%) done
Select jobs to execute...

[Wed Apr  6 01:19:54 2022]
rule blast_probes:
    input: /home/yeshua/Desktop/hiprfish/data/mock_community/species/s_0.1/primer3/1303_consensus.int
    output: /home/yeshua/Desktop/hiprfish/data/mock_community/species/s_0.1/primer3/1303.probe.blast.complete.txt
    jobid: 99
    wildcards: sample=mock_community, target_rank=species, similarity=0.1, taxon=1303
    resources: tmpdir=/tmp

[Wed Apr  6 01:20:02 2022]
Finished job 62.
30 of 94 steps (32%) done
Select jobs to execute...

[Wed Apr  6 01:20:02 2022]
rule blast_probes:
    input: /home/yeshua/Desktop/hiprfish/data/mock_community/species/s_0.1/primer3/684066_consensus.int
    output: /home/yeshua/Desktop/hiprfish/data/mock_community/species/s_0.1/primer3/684066.probe.blast.complete.txt
    jobid: 91
    wildcards: sample=mock_community, target_rank=species, similarity=0.1, taxon=684066
    resources: tmpdir=/tmp

[Wed Apr  6 01:20:06 2022]
Finished job 78.
31 of 94 steps (33%) done
Select jobs to execute...

[Wed Apr  6 01:20:06 2022]
rule blast_probes:
    input: /home/yeshua/Desktop/hiprfish/data/mock_community/species/s_0.1/primer3/45634_consensus.int
    output: /home/yeshua/Desktop/hiprfish/data/mock_community/species/s_0.1/primer3/45634.probe.blast.complete.txt
    jobid: 15
    wildcards: sample=mock_community, target_rank=species, similarity=0.1, taxon=45634
    resources: tmpdir=/tmp

[Wed Apr  6 01:20:15 2022]
Finished job 42.
32 of 94 steps (34%) done
Select jobs to execute...

[Wed Apr  6 01:20:15 2022]
rule select_taxon_probes:
    input: /home/yeshua/Desktop/hiprfish/data/mock_community/species/s_0.1/blast/1234680.probe.evaluation.complete.txt
    output: /home/yeshua/Desktop/hiprfish/data/simulation/DSGN0000/1234680_probe_selection.csv
    jobid: 69
    wildcards: design_id=DSGN0000, taxon=1234680
    resources: tmpdir=/tmp

[Wed Apr  6 01:20:16 2022]
Finished job 46.
33 of 94 steps (35%) done
Select jobs to execute...

[Wed Apr  6 01:20:16 2022]
rule select_taxon_probes:
    input: /home/yeshua/Desktop/hiprfish/data/mock_community/species/s_0.1/blast/176090.probe.evaluation.complete.txt
    output: /home/yeshua/Desktop/hiprfish/data/simulation/DSGN0000/176090_probe_selection.csv
    jobid: 41
    wildcards: design_id=DSGN0000, taxon=176090
    resources: tmpdir=/tmp

[Wed Apr  6 01:25:02 2022]
Finished job 41.
34 of 94 steps (36%) done
Select jobs to execute...

[Wed Apr  6 01:25:02 2022]
rule add_spacers:
    input: /home/yeshua/Desktop/hiprfish/data/simulation/DSGN0000/176090_probe_selection.csv
    output: /home/yeshua/Desktop/hiprfish/data/simulation/DSGN0000/176090_probe_selection_sa.csv
    jobid: 40
    wildcards: design_id=DSGN0000, taxon=176090
    resources: tmpdir=/tmp

[Wed Apr  6 01:25:03 2022]
Finished job 69.
35 of 94 steps (37%) done
Select jobs to execute...

[Wed Apr  6 01:25:03 2022]
rule add_spacers:
    input: /home/yeshua/Desktop/hiprfish/data/simulation/DSGN0000/1234680_probe_selection.csv
    output: /home/yeshua/Desktop/hiprfish/data/simulation/DSGN0000/1234680_probe_selection_sa.csv
    jobid: 68
    wildcards: design_id=DSGN0000, taxon=1234680
    resources: tmpdir=/tmp

[Wed Apr  6 01:25:04 2022]
Finished job 40.
36 of 94 steps (38%) done
Select jobs to execute...

[Wed Apr  6 01:25:04 2022]
rule select_taxon_probes:
    input: /home/yeshua/Desktop/hiprfish/data/mock_community/species/s_0.1/blast/113107.probe.evaluation.complete.txt
    output: /home/yeshua/Desktop/hiprfish/data/simulation/DSGN0000/113107_probe_selection.csv
    jobid: 93
    wildcards: design_id=DSGN0000, taxon=113107
    resources: tmpdir=/tmp

[Wed Apr  6 01:25:05 2022]
Finished job 68.
37 of 94 steps (39%) done
Select jobs to execute...

[Wed Apr  6 01:25:05 2022]
rule select_taxon_probes:
    input: /home/yeshua/Desktop/hiprfish/data/mock_community/species/s_0.1/blast/76860.probe.evaluation.complete.txt
    output: /home/yeshua/Desktop/hiprfish/data/simulation/DSGN0000/76860_probe_selection.csv
    jobid: 33
    wildcards: design_id=DSGN0000, taxon=76860
    resources: tmpdir=/tmp

[Wed Apr  6 01:25:27 2022]
Finished job 55.
38 of 94 steps (40%) done
Select jobs to execute...

[Wed Apr  6 01:25:27 2022]
rule evaluate_taxon_probes:
    input: /home/yeshua/Desktop/hiprfish/data/mock_community/species/s_0.1/primer3/1314_consensus.int, /home/yeshua/Desktop/hiprfish/data/mock_community/species/s_0.1/primer3/1314.probe.blast.complete.txt
    output: /home/yeshua/Desktop/hiprfish/data/mock_community/species/s_0.1/blast/1314.probe.evaluation.complete.txt
    jobid: 54
    wildcards: sample=mock_community, target_rank=species, similarity=0.1, taxon=1314
    resources: tmpdir=/tmp

[Wed Apr  6 01:25:29 2022]
Finished job 91.
39 of 94 steps (41%) done
Select jobs to execute...

[Wed Apr  6 01:25:29 2022]
rule evaluate_taxon_probes:
    input: /home/yeshua/Desktop/hiprfish/data/mock_community/species/s_0.1/primer3/684066_consensus.int, /home/yeshua/Desktop/hiprfish/data/mock_community/species/s_0.1/primer3/684066.probe.blast.complete.txt
    output: /home/yeshua/Desktop/hiprfish/data/mock_community/species/s_0.1/blast/684066.probe.evaluation.complete.txt
    jobid: 90
    wildcards: sample=mock_community, target_rank=species, similarity=0.1, taxon=684066
    resources: tmpdir=/tmp

[Wed Apr  6 01:25:33 2022]
Finished job 75.
40 of 94 steps (43%) done
Select jobs to execute...

[Wed Apr  6 01:25:33 2022]
rule evaluate_taxon_probes:
    input: /home/yeshua/Desktop/hiprfish/data/mock_community/species/s_0.1/primer3/1318_consensus.int, /home/yeshua/Desktop/hiprfish/data/mock_community/species/s_0.1/primer3/1318.probe.blast.complete.txt
    output: /home/yeshua/Desktop/hiprfish/data/mock_community/species/s_0.1/blast/1318.probe.evaluation.complete.txt
    jobid: 74
    wildcards: sample=mock_community, target_rank=species, similarity=0.1, taxon=1318
    resources: tmpdir=/tmp

[Wed Apr  6 01:25:33 2022]
Finished job 99.
41 of 94 steps (44%) done
Select jobs to execute...

[Wed Apr  6 01:25:33 2022]
rule evaluate_taxon_probes:
    input: /home/yeshua/Desktop/hiprfish/data/mock_community/species/s_0.1/primer3/1303_consensus.int, /home/yeshua/Desktop/hiprfish/data/mock_community/species/s_0.1/primer3/1303.probe.blast.complete.txt
    output: /home/yeshua/Desktop/hiprfish/data/mock_community/species/s_0.1/blast/1303.probe.evaluation.complete.txt
    jobid: 98
    wildcards: sample=mock_community, target_rank=species, similarity=0.1, taxon=1303
    resources: tmpdir=/tmp

[Wed Apr  6 01:25:39 2022]
Finished job 15.
42 of 94 steps (45%) done
Select jobs to execute...

[Wed Apr  6 01:25:39 2022]
rule evaluate_taxon_probes:
    input: /home/yeshua/Desktop/hiprfish/data/mock_community/species/s_0.1/primer3/45634_consensus.int, /home/yeshua/Desktop/hiprfish/data/mock_community/species/s_0.1/primer3/45634.probe.blast.complete.txt
    output: /home/yeshua/Desktop/hiprfish/data/mock_community/species/s_0.1/blast/45634.probe.evaluation.complete.txt
    jobid: 14
    wildcards: sample=mock_community, target_rank=species, similarity=0.1, taxon=45634
    resources: tmpdir=/tmp

[Wed Apr  6 01:25:40 2022]
Finished job 87.
43 of 94 steps (46%) done
Select jobs to execute...

[Wed Apr  6 01:25:40 2022]
rule evaluate_taxon_probes:
    input: /home/yeshua/Desktop/hiprfish/data/mock_community/species/s_0.1/primer3/1305_consensus.int, /home/yeshua/Desktop/hiprfish/data/mock_community/species/s_0.1/primer3/1305.probe.blast.complete.txt
    output: /home/yeshua/Desktop/hiprfish/data/mock_community/species/s_0.1/blast/1305.probe.evaluation.complete.txt
    jobid: 86
    wildcards: sample=mock_community, target_rank=species, similarity=0.1, taxon=1305
    resources: tmpdir=/tmp

[Wed Apr  6 01:30:35 2022]
Finished job 33.
44 of 94 steps (47%) done
Select jobs to execute...

[Wed Apr  6 01:30:35 2022]
rule add_spacers:
    input: /home/yeshua/Desktop/hiprfish/data/simulation/DSGN0000/76860_probe_selection.csv
    output: /home/yeshua/Desktop/hiprfish/data/simulation/DSGN0000/76860_probe_selection_sa.csv
    jobid: 32
    wildcards: design_id=DSGN0000, taxon=76860
    resources: tmpdir=/tmp

[Wed Apr  6 01:30:37 2022]
Finished job 32.
45 of 94 steps (48%) done
Select jobs to execute...

[Wed Apr  6 01:30:37 2022]
rule select_taxon_probes:
    input: /home/yeshua/Desktop/hiprfish/data/mock_community/species/s_0.1/blast/28037.probe.evaluation.complete.txt
    output: /home/yeshua/Desktop/hiprfish/data/simulation/DSGN0000/28037_probe_selection.csv
    jobid: 81
    wildcards: design_id=DSGN0000, taxon=28037
    resources: tmpdir=/tmp

[Wed Apr  6 01:30:43 2022]
Finished job 93.
46 of 94 steps (49%) done
Select jobs to execute...

[Wed Apr  6 01:30:43 2022]
rule add_spacers:
    input: /home/yeshua/Desktop/hiprfish/data/simulation/DSGN0000/113107_probe_selection.csv
    output: /home/yeshua/Desktop/hiprfish/data/simulation/DSGN0000/113107_probe_selection_sa.csv
    jobid: 92
    wildcards: design_id=DSGN0000, taxon=113107
    resources: tmpdir=/tmp

[Wed Apr  6 01:30:45 2022]
Finished job 92.
47 of 94 steps (50%) done
Select jobs to execute...

[Wed Apr  6 01:30:45 2022]
rule select_taxon_probes:
    input: /home/yeshua/Desktop/hiprfish/data/mock_community/species/s_0.1/blast/1317.probe.evaluation.complete.txt
    output: /home/yeshua/Desktop/hiprfish/data/simulation/DSGN0000/1317_probe_selection.csv
    jobid: 21
    wildcards: design_id=DSGN0000, taxon=1317
    resources: tmpdir=/tmp

[Wed Apr  6 01:31:03 2022]
Finished job 90.
48 of 94 steps (51%) done
Select jobs to execute...

[Wed Apr  6 01:31:03 2022]
rule select_taxon_probes:
    input: /home/yeshua/Desktop/hiprfish/data/mock_community/species/s_0.1/blast/684066.probe.evaluation.complete.txt
    output: /home/yeshua/Desktop/hiprfish/data/simulation/DSGN0000/684066_probe_selection.csv
    jobid: 89
    wildcards: design_id=DSGN0000, taxon=684066
    resources: tmpdir=/tmp

[Wed Apr  6 01:31:15 2022]
Finished job 74.
49 of 94 steps (52%) done
Select jobs to execute...

[Wed Apr  6 01:31:15 2022]
rule select_taxon_probes:
    input: /home/yeshua/Desktop/hiprfish/data/mock_community/species/s_0.1/blast/1302.probe.evaluation.complete.txt
    output: /home/yeshua/Desktop/hiprfish/data/simulation/DSGN0000/1302_probe_selection.csv
    jobid: 61
    wildcards: design_id=DSGN0000, taxon=1302
    resources: tmpdir=/tmp

[Wed Apr  6 01:31:15 2022]
Finished job 14.
50 of 94 steps (53%) done
Select jobs to execute...

[Wed Apr  6 01:31:15 2022]
rule select_taxon_probes:
    input: /home/yeshua/Desktop/hiprfish/data/mock_community/species/s_0.1/blast/45634.probe.evaluation.complete.txt
    output: /home/yeshua/Desktop/hiprfish/data/simulation/DSGN0000/45634_probe_selection.csv
    jobid: 13
    wildcards: design_id=DSGN0000, taxon=45634
    resources: tmpdir=/tmp

[Wed Apr  6 01:31:15 2022]
Finished job 98.
51 of 94 steps (54%) done
Select jobs to execute...

[Wed Apr  6 01:31:15 2022]
rule select_taxon_probes:
    input: /home/yeshua/Desktop/hiprfish/data/mock_community/species/s_0.1/blast/1318.probe.evaluation.complete.txt
    output: /home/yeshua/Desktop/hiprfish/data/simulation/DSGN0000/1318_probe_selection.csv
    jobid: 73
    wildcards: design_id=DSGN0000, taxon=1318
    resources: tmpdir=/tmp

[Wed Apr  6 01:31:17 2022]
Finished job 54.
52 of 94 steps (55%) done
Select jobs to execute...

[Wed Apr  6 01:31:17 2022]
rule select_taxon_probes:
    input: /home/yeshua/Desktop/hiprfish/data/mock_community/species/s_0.1/blast/1313.probe.evaluation.complete.txt
    output: /home/yeshua/Desktop/hiprfish/data/simulation/DSGN0000/1313_probe_selection.csv
    jobid: 17
    wildcards: design_id=DSGN0000, taxon=1313
    resources: tmpdir=/tmp

[Wed Apr  6 01:31:24 2022]
Finished job 86.
53 of 94 steps (56%) done
Select jobs to execute...

[Wed Apr  6 01:31:24 2022]
rule select_taxon_probes:
    input: /home/yeshua/Desktop/hiprfish/data/mock_community/species/s_0.1/blast/1303.probe.evaluation.complete.txt
    output: /home/yeshua/Desktop/hiprfish/data/simulation/DSGN0000/1303_probe_selection.csv
    jobid: 97
    wildcards: design_id=DSGN0000, taxon=1303
    resources: tmpdir=/tmp

[Wed Apr  6 01:37:15 2022]
Finished job 89.
54 of 94 steps (57%) done
Select jobs to execute...

[Wed Apr  6 01:37:15 2022]
rule add_spacers:
    input: /home/yeshua/Desktop/hiprfish/data/simulation/DSGN0000/684066_probe_selection.csv
    output: /home/yeshua/Desktop/hiprfish/data/simulation/DSGN0000/684066_probe_selection_sa.csv
    jobid: 88
    wildcards: design_id=DSGN0000, taxon=684066
    resources: tmpdir=/tmp

[Wed Apr  6 01:37:17 2022]
Finished job 88.
55 of 94 steps (59%) done
Select jobs to execute...

[Wed Apr  6 01:37:17 2022]
rule select_taxon_probes:
    input: /home/yeshua/Desktop/hiprfish/data/mock_community/species/s_0.1/blast/1311.probe.evaluation.complete.txt
    output: /home/yeshua/Desktop/hiprfish/data/simulation/DSGN0000/1311_probe_selection.csv
    jobid: 65
    wildcards: design_id=DSGN0000, taxon=1311
    resources: tmpdir=/tmp

[Wed Apr  6 01:37:25 2022]
Finished job 21.
56 of 94 steps (60%) done
Select jobs to execute...

[Wed Apr  6 01:37:25 2022]
rule add_spacers:
    input: /home/yeshua/Desktop/hiprfish/data/simulation/DSGN0000/1317_probe_selection.csv
    output: /home/yeshua/Desktop/hiprfish/data/simulation/DSGN0000/1317_probe_selection_sa.csv
    jobid: 20
    wildcards: design_id=DSGN0000, taxon=1317
    resources: tmpdir=/tmp

[Wed Apr  6 01:37:27 2022]
Finished job 20.
57 of 94 steps (61%) done
Select jobs to execute...

[Wed Apr  6 01:37:27 2022]
rule select_taxon_probes:
    input: /home/yeshua/Desktop/hiprfish/data/mock_community/species/s_0.1/blast/1343.probe.evaluation.complete.txt
    output: /home/yeshua/Desktop/hiprfish/data/simulation/DSGN0000/1343_probe_selection.csv
    jobid: 57
    wildcards: design_id=DSGN0000, taxon=1343
    resources: tmpdir=/tmp

[Wed Apr  6 01:37:47 2022]
Finished job 61.
58 of 94 steps (62%) done
Select jobs to execute...

[Wed Apr  6 01:37:47 2022]
rule add_spacers:
    input: /home/yeshua/Desktop/hiprfish/data/simulation/DSGN0000/1302_probe_selection.csv
    output: /home/yeshua/Desktop/hiprfish/data/simulation/DSGN0000/1302_probe_selection_sa.csv
    jobid: 60
    wildcards: design_id=DSGN0000, taxon=1302
    resources: tmpdir=/tmp

[Wed Apr  6 01:37:47 2022]
Finished job 81.
59 of 94 steps (63%) done
Select jobs to execute...

[Wed Apr  6 01:37:47 2022]
rule add_spacers:
    input: /home/yeshua/Desktop/hiprfish/data/simulation/DSGN0000/28037_probe_selection.csv
    output: /home/yeshua/Desktop/hiprfish/data/simulation/DSGN0000/28037_probe_selection_sa.csv
    jobid: 80
    wildcards: design_id=DSGN0000, taxon=28037
    resources: tmpdir=/tmp

[Wed Apr  6 01:37:49 2022]
Finished job 60.
60 of 94 steps (64%) done
Select jobs to execute...

[Wed Apr  6 01:37:49 2022]
rule select_taxon_probes:
    input: /home/yeshua/Desktop/hiprfish/data/mock_community/species/s_0.1/blast/1308.probe.evaluation.complete.txt
    output: /home/yeshua/Desktop/hiprfish/data/simulation/DSGN0000/1308_probe_selection.csv
    jobid: 25
    wildcards: design_id=DSGN0000, taxon=1308
    resources: tmpdir=/tmp

[Wed Apr  6 01:37:49 2022]
Finished job 80.
61 of 94 steps (65%) done
Select jobs to execute...

[Wed Apr  6 01:37:49 2022]
rule select_taxon_probes:
    input: /home/yeshua/Desktop/hiprfish/data/mock_community/species/s_0.1/blast/1338.probe.evaluation.complete.txt
    output: /home/yeshua/Desktop/hiprfish/data/simulation/DSGN0000/1338_probe_selection.csv
    jobid: 49
    wildcards: design_id=DSGN0000, taxon=1338
    resources: tmpdir=/tmp

[Wed Apr  6 01:37:54 2022]
Finished job 17.
62 of 94 steps (66%) done
Select jobs to execute...

[Wed Apr  6 01:37:54 2022]
rule add_spacers:
    input: /home/yeshua/Desktop/hiprfish/data/simulation/DSGN0000/1313_probe_selection.csv
    output: /home/yeshua/Desktop/hiprfish/data/simulation/DSGN0000/1313_probe_selection_sa.csv
    jobid: 16
    wildcards: design_id=DSGN0000, taxon=1313
    resources: tmpdir=/tmp

[Wed Apr  6 01:37:56 2022]
Finished job 16.
63 of 94 steps (67%) done
Select jobs to execute...

[Wed Apr  6 01:37:56 2022]
rule select_taxon_probes:
    input: /home/yeshua/Desktop/hiprfish/data/mock_community/species/s_0.1/blast/1310.probe.evaluation.complete.txt
    output: /home/yeshua/Desktop/hiprfish/data/simulation/DSGN0000/1310_probe_selection.csv
    jobid: 29
    wildcards: design_id=DSGN0000, taxon=1310
    resources: tmpdir=/tmp

[Wed Apr  6 01:38:04 2022]
Finished job 13.
64 of 94 steps (68%) done
Select jobs to execute...

[Wed Apr  6 01:38:04 2022]
rule add_spacers:
    input: /home/yeshua/Desktop/hiprfish/data/simulation/DSGN0000/45634_probe_selection.csv
    output: /home/yeshua/Desktop/hiprfish/data/simulation/DSGN0000/45634_probe_selection_sa.csv
    jobid: 12
    wildcards: design_id=DSGN0000, taxon=45634
    resources: tmpdir=/tmp

[Wed Apr  6 01:38:06 2022]
Finished job 12.
65 of 94 steps (69%) done
Select jobs to execute...

[Wed Apr  6 01:38:06 2022]
rule select_taxon_probes:
    input: /home/yeshua/Desktop/hiprfish/data/mock_community/species/s_0.1/blast/1305.probe.evaluation.complete.txt
    output: /home/yeshua/Desktop/hiprfish/data/simulation/DSGN0000/1305_probe_selection.csv
    jobid: 85
    wildcards: design_id=DSGN0000, taxon=1305
    resources: tmpdir=/tmp

[Wed Apr  6 01:38:10 2022]
Finished job 73.
66 of 94 steps (70%) done
Select jobs to execute...

[Wed Apr  6 01:38:10 2022]
rule add_spacers:
    input: /home/yeshua/Desktop/hiprfish/data/simulation/DSGN0000/1318_probe_selection.csv
    output: /home/yeshua/Desktop/hiprfish/data/simulation/DSGN0000/1318_probe_selection_sa.csv
    jobid: 72
    wildcards: design_id=DSGN0000, taxon=1318
    resources: tmpdir=/tmp

[Wed Apr  6 01:38:12 2022]
Finished job 72.
67 of 94 steps (71%) done
Select jobs to execute...

[Wed Apr  6 01:38:12 2022]
rule select_taxon_probes:
    input: /home/yeshua/Desktop/hiprfish/data/mock_community/species/s_0.1/blast/1328.probe.evaluation.complete.txt
    output: /home/yeshua/Desktop/hiprfish/data/simulation/DSGN0000/1328_probe_selection.csv
    jobid: 77
    wildcards: design_id=DSGN0000, taxon=1328
    resources: tmpdir=/tmp

[Wed Apr  6 01:38:27 2022]
Finished job 97.
68 of 94 steps (72%) done
Select jobs to execute...

[Wed Apr  6 01:38:27 2022]
rule add_spacers:
    input: /home/yeshua/Desktop/hiprfish/data/simulation/DSGN0000/1303_probe_selection.csv
    output: /home/yeshua/Desktop/hiprfish/data/simulation/DSGN0000/1303_probe_selection_sa.csv
    jobid: 96
    wildcards: design_id=DSGN0000, taxon=1303
    resources: tmpdir=/tmp

[Wed Apr  6 01:38:28 2022]
Finished job 96.
69 of 94 steps (73%) done
Select jobs to execute...

[Wed Apr  6 01:38:28 2022]
rule select_taxon_probes:
    input: /home/yeshua/Desktop/hiprfish/data/mock_community/species/s_0.1/blast/1304.probe.evaluation.complete.txt
    output: /home/yeshua/Desktop/hiprfish/data/simulation/DSGN0000/1304_probe_selection.csv
    jobid: 37
    wildcards: design_id=DSGN0000, taxon=1304
    resources: tmpdir=/tmp

[Wed Apr  6 01:42:41 2022]
Finished job 65.
70 of 94 steps (74%) done
Select jobs to execute...

[Wed Apr  6 01:42:41 2022]
rule add_spacers:
    input: /home/yeshua/Desktop/hiprfish/data/simulation/DSGN0000/1311_probe_selection.csv
    output: /home/yeshua/Desktop/hiprfish/data/simulation/DSGN0000/1311_probe_selection_sa.csv
    jobid: 64
    wildcards: design_id=DSGN0000, taxon=1311
    resources: tmpdir=/tmp

[Wed Apr  6 01:42:43 2022]
Finished job 64.
71 of 94 steps (76%) done
Select jobs to execute...

[Wed Apr  6 01:42:43 2022]
rule select_taxon_probes:
    input: /home/yeshua/Desktop/hiprfish/data/mock_community/species/s_0.1/blast/1309.probe.evaluation.complete.txt
    output: /home/yeshua/Desktop/hiprfish/data/simulation/DSGN0000/1309_probe_selection.csv
    jobid: 45
    wildcards: design_id=DSGN0000, taxon=1309
    resources: tmpdir=/tmp

[Wed Apr  6 01:42:47 2022]
Finished job 57.
72 of 94 steps (77%) done
Select jobs to execute...

[Wed Apr  6 01:42:47 2022]
rule add_spacers:
    input: /home/yeshua/Desktop/hiprfish/data/simulation/DSGN0000/1343_probe_selection.csv
    output: /home/yeshua/Desktop/hiprfish/data/simulation/DSGN0000/1343_probe_selection_sa.csv
    jobid: 56
    wildcards: design_id=DSGN0000, taxon=1343
    resources: tmpdir=/tmp

[Wed Apr  6 01:42:48 2022]
Finished job 56.
73 of 94 steps (78%) done
Select jobs to execute...

[Wed Apr  6 01:42:48 2022]
rule select_taxon_probes:
    input: /home/yeshua/Desktop/hiprfish/data/mock_community/species/s_0.1/blast/1314.probe.evaluation.complete.txt
    output: /home/yeshua/Desktop/hiprfish/data/simulation/DSGN0000/1314_probe_selection.csv
    jobid: 53
    wildcards: design_id=DSGN0000, taxon=1314
    resources: tmpdir=/tmp

[Wed Apr  6 01:43:04 2022]
Finished job 49.
74 of 94 steps (79%) done
Select jobs to execute...

[Wed Apr  6 01:43:04 2022]
rule add_spacers:
    input: /home/yeshua/Desktop/hiprfish/data/simulation/DSGN0000/1338_probe_selection.csv
    output: /home/yeshua/Desktop/hiprfish/data/simulation/DSGN0000/1338_probe_selection_sa.csv
    jobid: 48
    wildcards: design_id=DSGN0000, taxon=1338
    resources: tmpdir=/tmp

[Wed Apr  6 01:43:06 2022]
Finished job 48.
75 of 94 steps (80%) done
[Wed Apr  6 01:43:14 2022]
Finished job 85.
76 of 94 steps (81%) done
Select jobs to execute...

[Wed Apr  6 01:43:14 2022]
rule add_spacers:
    input: /home/yeshua/Desktop/hiprfish/data/simulation/DSGN0000/1305_probe_selection.csv
    output: /home/yeshua/Desktop/hiprfish/data/simulation/DSGN0000/1305_probe_selection_sa.csv
    jobid: 84
    wildcards: design_id=DSGN0000, taxon=1305
    resources: tmpdir=/tmp

[Wed Apr  6 01:43:15 2022]
Finished job 25.
77 of 94 steps (82%) done
Select jobs to execute...

[Wed Apr  6 01:43:15 2022]
rule add_spacers:
    input: /home/yeshua/Desktop/hiprfish/data/simulation/DSGN0000/1308_probe_selection.csv
    output: /home/yeshua/Desktop/hiprfish/data/simulation/DSGN0000/1308_probe_selection_sa.csv
    jobid: 24
    wildcards: design_id=DSGN0000, taxon=1308
    resources: tmpdir=/tmp

[Wed Apr  6 01:43:16 2022]
Finished job 84.
78 of 94 steps (83%) done
[Wed Apr  6 01:43:16 2022]
Finished job 24.
79 of 94 steps (84%) done
[Wed Apr  6 01:43:19 2022]
Finished job 77.
80 of 94 steps (85%) done
Select jobs to execute...

[Wed Apr  6 01:43:19 2022]
rule add_spacers:
    input: /home/yeshua/Desktop/hiprfish/data/simulation/DSGN0000/1328_probe_selection.csv
    output: /home/yeshua/Desktop/hiprfish/data/simulation/DSGN0000/1328_probe_selection_sa.csv
    jobid: 76
    wildcards: design_id=DSGN0000, taxon=1328
    resources: tmpdir=/tmp

[Wed Apr  6 01:43:20 2022]
Finished job 76.
81 of 94 steps (86%) done
[Wed Apr  6 01:43:23 2022]
Finished job 29.
82 of 94 steps (87%) done
Select jobs to execute...

[Wed Apr  6 01:43:23 2022]
rule add_spacers:
    input: /home/yeshua/Desktop/hiprfish/data/simulation/DSGN0000/1310_probe_selection.csv
    output: /home/yeshua/Desktop/hiprfish/data/simulation/DSGN0000/1310_probe_selection_sa.csv
    jobid: 28
    wildcards: design_id=DSGN0000, taxon=1310
    resources: tmpdir=/tmp

[Wed Apr  6 01:43:24 2022]
Finished job 28.
83 of 94 steps (88%) done
[Wed Apr  6 01:44:02 2022]
Finished job 37.
84 of 94 steps (89%) done
Select jobs to execute...

[Wed Apr  6 01:44:02 2022]
rule add_spacers:
    input: /home/yeshua/Desktop/hiprfish/data/simulation/DSGN0000/1304_probe_selection.csv
    output: /home/yeshua/Desktop/hiprfish/data/simulation/DSGN0000/1304_probe_selection_sa.csv
    jobid: 36
    wildcards: design_id=DSGN0000, taxon=1304
    resources: tmpdir=/tmp

[Wed Apr  6 01:44:03 2022]
Finished job 36.
85 of 94 steps (90%) done
[Wed Apr  6 01:46:07 2022]
Finished job 45.
86 of 94 steps (91%) done
Select jobs to execute...

[Wed Apr  6 01:46:07 2022]
rule add_spacers:
    input: /home/yeshua/Desktop/hiprfish/data/simulation/DSGN0000/1309_probe_selection.csv
    output: /home/yeshua/Desktop/hiprfish/data/simulation/DSGN0000/1309_probe_selection_sa.csv
    jobid: 44
    wildcards: design_id=DSGN0000, taxon=1309
    resources: tmpdir=/tmp

[Wed Apr  6 01:46:08 2022]
Finished job 44.
87 of 94 steps (93%) done
[Wed Apr  6 01:46:10 2022]
Finished job 53.
88 of 94 steps (94%) done
Select jobs to execute...

[Wed Apr  6 01:46:10 2022]
rule add_spacers:
    input: /home/yeshua/Desktop/hiprfish/data/simulation/DSGN0000/1314_probe_selection.csv
    output: /home/yeshua/Desktop/hiprfish/data/simulation/DSGN0000/1314_probe_selection_sa.csv
    jobid: 52
    wildcards: design_id=DSGN0000, taxon=1314
    resources: tmpdir=/tmp

[Wed Apr  6 01:46:11 2022]
Finished job 52.
89 of 94 steps (95%) done
Select jobs to execute...

[Wed Apr  6 01:46:11 2022]
rule collect_selected_probe_information:
    input: /home/yeshua/Desktop/hiprfish/simulation_table/simulation_table_example.csv, /home/yeshua/Desktop/hiprfish/data/simulation/DSGN0000, /home/yeshua/Desktop/hiprfish/data/simulation/DSGN0000/45634_probe_selection_sa.csv, /home/yeshua/Desktop/hiprfish/data/simulation/DSGN0000/1313_probe_selection_sa.csv, /home/yeshua/Desktop/hiprfish/data/simulation/DSGN0000/1317_probe_selection_sa.csv, /home/yeshua/Desktop/hiprfish/data/simulation/DSGN0000/1308_probe_selection_sa.csv, /home/yeshua/Desktop/hiprfish/data/simulation/DSGN0000/1310_probe_selection_sa.csv, /home/yeshua/Desktop/hiprfish/data/simulation/DSGN0000/76860_probe_selection_sa.csv, /home/yeshua/Desktop/hiprfish/data/simulation/DSGN0000/1304_probe_selection_sa.csv, /home/yeshua/Desktop/hiprfish/data/simulation/DSGN0000/176090_probe_selection_sa.csv, /home/yeshua/Desktop/hiprfish/data/simulation/DSGN0000/1309_probe_selection_sa.csv, /home/yeshua/Desktop/hiprfish/data/simulation/DSGN0000/1338_probe_selection_sa.csv, /home/yeshua/Desktop/hiprfish/data/simulation/DSGN0000/1314_probe_selection_sa.csv, /home/yeshua/Desktop/hiprfish/data/simulation/DSGN0000/1343_probe_selection_sa.csv, /home/yeshua/Desktop/hiprfish/data/simulation/DSGN0000/1302_probe_selection_sa.csv, /home/yeshua/Desktop/hiprfish/data/simulation/DSGN0000/1311_probe_selection_sa.csv, /home/yeshua/Desktop/hiprfish/data/simulation/DSGN0000/1234680_probe_selection_sa.csv, /home/yeshua/Desktop/hiprfish/data/simulation/DSGN0000/1318_probe_selection_sa.csv, /home/yeshua/Desktop/hiprfish/data/simulation/DSGN0000/1328_probe_selection_sa.csv, /home/yeshua/Desktop/hiprfish/data/simulation/DSGN0000/28037_probe_selection_sa.csv, /home/yeshua/Desktop/hiprfish/data/simulation/DSGN0000/1305_probe_selection_sa.csv, /home/yeshua/Desktop/hiprfish/data/simulation/DSGN0000/684066_probe_selection_sa.csv, /home/yeshua/Desktop/hiprfish/data/simulation/DSGN0000/113107_probe_selection_sa.csv, /home/yeshua/Desktop/hiprfish/data/simulation/DSGN0000/1303_probe_selection_sa.csv
    output: /home/yeshua/Desktop/hiprfish/data/simulation/DSGN0000/taxon_best_probes.csv, /home/yeshua/Desktop/hiprfish/data/simulation/DSGN0000/taxon_best_probes_filtered.csv, /home/yeshua/Desktop/hiprfish/data/simulation/DSGN0000/taxon_best_probes_summary.csv
    jobid: 4
    wildcards: design_id=DSGN0000
    resources: tmpdir=/tmp

[Wed Apr  6 01:46:11 2022]
Finished job 4.
90 of 94 steps (96%) done
Select jobs to execute...

[Wed Apr  6 01:46:11 2022]
rule generate_full_probes:
    input: /home/yeshua/Desktop/hiprfish/data/simulation/DSGN0000/taxon_best_probes.csv
    output: /home/yeshua/Desktop/hiprfish/data/simulation/DSGN0000/DSGN0000_full_length_probes_sequences.txt, /home/yeshua/Desktop/hiprfish/data/simulation/DSGN0000/DSGN0000_full_length_blocking_probes_sequences.txt, /home/yeshua/Desktop/hiprfish/data/simulation/DSGN0000/DSGN0000_full_length_helper_probes_sequences.txt, /home/yeshua/Desktop/hiprfish/data/simulation/DSGN0000/DSGN0000_full_length_probes_summary.txt
    jobid: 3
    wildcards: design_id=DSGN0000
    resources: tmpdir=/tmp

[Wed Apr  6 01:49:58 2022]
Error in rule generate_full_probes:
    jobid: 3
    output: /home/yeshua/Desktop/hiprfish/data/simulation/DSGN0000/DSGN0000_full_length_probes_sequences.txt, /home/yeshua/Desktop/hiprfish/data/simulation/DSGN0000/DSGN0000_full_length_blocking_probes_sequences.txt, /home/yeshua/Desktop/hiprfish/data/simulation/DSGN0000/DSGN0000_full_length_helper_probes_sequences.txt, /home/yeshua/Desktop/hiprfish/data/simulation/DSGN0000/DSGN0000_full_length_probes_summary.txt
    shell:
        python3 /home/yeshua/Desktop/hiprfish/hiprfish_code/probe-design/hiprfish-probe-design-consensus/hiprfish_generate_full_probes.py /home/yeshua/Desktop/hiprfish/data/simulation/DSGN0000 /home/yeshua/Desktop/hiprfish/data/mock_community/species/s_0.1/consensus /home/yeshua/Desktop/hiprfish/data/utilities/mock_community/species/s_0.1/consensus /home/yeshua/Desktop/hiprfish/data/mock_community/species/s_0.1/blast /home/yeshua/Desktop/hiprfish/data/mock_community/input/mock_community.oriented.fasta 0.99 14 15 -ps C -t species -bs MostSimple -hr 14 -tc white
        (one of the commands exited with non-zero exit code; note that snakemake uses bash strict mode!)

Removing output files of failed job generate_full_probes since they might be corrupted:
/home/yeshua/Desktop/hiprfish/data/simulation/DSGN0000/DSGN0000_full_length_probes_sequences.txt, /home/yeshua/Desktop/hiprfish/data/simulation/DSGN0000/DSGN0000_full_length_blocking_probes_sequences.txt, /home/yeshua/Desktop/hiprfish/data/simulation/DSGN0000/DSGN0000_full_length_helper_probes_sequences.txt
Shutting down, this might take some time.
Exiting because a job execution failed. Look above for error message
Complete log: .snakemake/log/2022-04-06T005516.762318.snakemake.log
